  INFO root [2017-05-15 02:28:30,344] - -----------------------------------------------------------------------------------------


  INFO root [2017-05-15 02:28:30,345] - Resmgr::initialize: KBE_ROOT=C:/kbengine/
  INFO root [2017-05-15 02:28:30,345] - Resmgr::initialize: KBE_RES_PATH=C:/kbengine/kbe/res/;C:/kbengine/web-mobile/;C:/kbengine/web-mobile/scripts/;C:/kbengine/web-mobile/res/
  INFO root [2017-05-15 02:28:30,345] - Resmgr::initialize: KBE_BIN_PATH=C:/kbengine/kbe/bin/server/
  INFO root [2017-05-15 02:28:30,347] - NetworkInterface::recreateListeningSocket(INTERNAL): bound to all interfaces with default route interface on 10.0.75.1 ( 10.0.75.1:30099 )
  INFO root [2017-05-15 02:28:30,347] - NetworkInterface::recreateListeningSocket(INTERNAL): address 10.0.75.1:30099, SOMAXCONN=5.
  INFO root [2017-05-15 02:28:30,358] - ---- interfaces Version: 0.9.12. ScriptVersion: 0.1.0. Protocol: F4697C602095C8BD3C136660102B7FD6. Config: Debug X86. Built: 01:51:30 May  3 2017. AppID: 3000. UID: 54001. PID: 7840 ----
  INFO root [2017-05-15 02:28:30,361] - Server : Intel(R) Core(TM) i5-4460  CPU @ 3.20GHz with 2097151kB RAM
  INFO root [2017-05-15 02:28:30,361] - ThreadPool::createThreadPool: creating  threadpool...
  INFO root [2017-05-15 02:28:30,361] - ThreadPool::createThreadPool: successfully(2), newThreadCount=1, normalMaxThreadCount=2, maxThreadCount=8
 DEBUG root [2017-05-15 02:28:30,499] - Script::install_py_dlls(): PyInit_pyexpat
 DEBUG root [2017-05-15 02:28:30,500] - Script::install_py_dlls(): PyInit__socket
 DEBUG root [2017-05-15 02:28:30,501] - Script::install_py_dlls(): PyInit__hashlib
 DEBUG root [2017-05-15 02:28:30,504] - Script::install_py_dlls(): PyInit_select
 DEBUG root [2017-05-15 02:28:30,504] - Script::install_py_dlls(): PyInit__ctypes
 DEBUG root [2017-05-15 02:28:30,505] - Script::install_py_dlls(): PyInit__elementtree
 DEBUG root [2017-05-15 02:28:30,546] - Script::install_py_dlls(): PyInit_unicodedata
  INFO root [2017-05-15 02:28:30,594] - Script::install(): is successfully, Python=(3.4.2 (default, May  3 2017, 01:51:26) [MSC v.1800 32 bit (Intel)])!
  INFO root [2017-05-15 02:28:30,594] - Script::install(): KBExtra is successfully!
S_INFO root [2017-05-15 02:28:30,607] - onInterfaceAppReady: bootstrapGroupIndex=0, bootstrapGlobalIndex=0
  INFO root [2017-05-15 02:28:30,614] - TelnetServer server is running on port 33000
  INFO root [2017-05-15 02:28:30,881] - ---- interfaces is running ----
 DEBUG root [2017-05-15 02:28:30,881] - Components::process(): Request for the process of identity...
  INFO root [2017-05-15 02:28:38,045] - Components::process(): Found all the components!
S_INFO root [2017-05-15 02:29:21,504] - onRequestAccountLogin: registerName=1
  WARN root [2017-05-15 02:50:29,941] - TCPPacketReceiver::processPendingEvents: Throwing REASON_GENERAL_NETWORK - WSAECONNRESET
  INFO root [2017-05-15 02:52:14,522] - -----------------------------------------------------------------------------------------


  INFO root [2017-05-15 02:52:14,522] - Resmgr::initialize: KBE_ROOT=C:/kbengine/
  INFO root [2017-05-15 02:52:14,522] - Resmgr::initialize: KBE_RES_PATH=C:/kbengine/kbe/res/;C:/kbengine/web-mobile/;C:/kbengine/web-mobile/scripts/;C:/kbengine/web-mobile/res/
  INFO root [2017-05-15 02:52:14,523] - Resmgr::initialize: KBE_BIN_PATH=C:/kbengine/kbe/bin/server/
  INFO root [2017-05-15 02:52:14,525] - NetworkInterface::recreateListeningSocket(INTERNAL): bound to all interfaces with default route interface on 10.0.75.1 ( 10.0.75.1:30099 )
  INFO root [2017-05-15 02:52:14,525] - NetworkInterface::recreateListeningSocket(INTERNAL): address 10.0.75.1:30099, SOMAXCONN=5.
  INFO root [2017-05-15 02:52:14,530] - ---- interfaces Version: 0.9.12. ScriptVersion: 0.1.0. Protocol: F4697C602095C8BD3C136660102B7FD6. Config: Debug X86. Built: 01:51:30 May  3 2017. AppID: 3000. UID: 54001. PID: 12988 ----
  INFO root [2017-05-15 02:52:14,538] - Server : Intel(R) Core(TM) i5-4460  CPU @ 3.20GHz with 2097151kB RAM
  INFO root [2017-05-15 02:52:14,538] - ThreadPool::createThreadPool: creating  threadpool...
  INFO root [2017-05-15 02:52:14,538] - ThreadPool::createThreadPool: successfully(2), newThreadCount=1, normalMaxThreadCount=2, maxThreadCount=8
 DEBUG root [2017-05-15 02:52:14,677] - Script::install_py_dlls(): PyInit_pyexpat
 DEBUG root [2017-05-15 02:52:14,678] - Script::install_py_dlls(): PyInit__socket
 DEBUG root [2017-05-15 02:52:14,678] - Script::install_py_dlls(): PyInit__hashlib
 DEBUG root [2017-05-15 02:52:14,681] - Script::install_py_dlls(): PyInit_select
 DEBUG root [2017-05-15 02:52:14,681] - Script::install_py_dlls(): PyInit__ctypes
 DEBUG root [2017-05-15 02:52:14,682] - Script::install_py_dlls(): PyInit__elementtree
 DEBUG root [2017-05-15 02:52:14,728] - Script::install_py_dlls(): PyInit_unicodedata
  INFO root [2017-05-15 02:52:14,772] - Script::install(): is successfully, Python=(3.4.2 (default, May  3 2017, 01:51:26) [MSC v.1800 32 bit (Intel)])!
  INFO root [2017-05-15 02:52:14,772] - Script::install(): KBExtra is successfully!
S_INFO root [2017-05-15 02:52:14,781] - onInterfaceAppReady: bootstrapGroupIndex=0, bootstrapGlobalIndex=0
  INFO root [2017-05-15 02:52:14,790] - TelnetServer server is running on port 33000
  INFO root [2017-05-15 02:52:15,067] - ---- interfaces is running ----
 DEBUG root [2017-05-15 02:52:15,067] - Components::process(): Request for the process of identity...
  INFO root [2017-05-15 02:52:22,282] - Components::process(): Found all the components!
S_INFO root [2017-05-15 02:55:38,377] - onRequestAccountLogin: registerName=1
  WARN root [2017-05-15 02:57:59,694] - TCPPacketReceiver::processPendingEvents: Throwing REASON_GENERAL_NETWORK - WSAECONNRESET
  INFO root [2017-05-15 02:58:04,999] - -----------------------------------------------------------------------------------------


  INFO root [2017-05-15 02:58:05,000] - Resmgr::initialize: KBE_ROOT=C:/kbengine/
  INFO root [2017-05-15 02:58:05,000] - Resmgr::initialize: KBE_RES_PATH=C:/kbengine/kbe/res/;C:/kbengine/web-mobile/;C:/kbengine/web-mobile/scripts/;C:/kbengine/web-mobile/res/
  INFO root [2017-05-15 02:58:05,000] - Resmgr::initialize: KBE_BIN_PATH=C:/kbengine/kbe/bin/server/
  INFO root [2017-05-15 02:58:05,017] - NetworkInterface::recreateListeningSocket(INTERNAL): bound to all interfaces with default route interface on 10.0.75.1 ( 10.0.75.1:30099 )
  INFO root [2017-05-15 02:58:05,017] - NetworkInterface::recreateListeningSocket(INTERNAL): address 10.0.75.1:30099, SOMAXCONN=5.
  INFO root [2017-05-15 02:58:05,031] - ---- interfaces Version: 0.9.12. ScriptVersion: 0.1.0. Protocol: F4697C602095C8BD3C136660102B7FD6. Config: Debug X86. Built: 01:51:30 May  3 2017. AppID: 3000. UID: 54001. PID: 1140 ----
  INFO root [2017-05-15 02:58:05,031] - Server : Intel(R) Core(TM) i5-4460  CPU @ 3.20GHz with 2097151kB RAM
  INFO root [2017-05-15 02:58:05,031] - ThreadPool::createThreadPool: creating  threadpool...
  INFO root [2017-05-15 02:58:05,032] - ThreadPool::createThreadPool: successfully(2), newThreadCount=1, normalMaxThreadCount=2, maxThreadCount=8
 DEBUG root [2017-05-15 02:58:05,244] - Script::install_py_dlls(): PyInit_pyexpat
 DEBUG root [2017-05-15 02:58:05,245] - Script::install_py_dlls(): PyInit__socket
 DEBUG root [2017-05-15 02:58:05,245] - Script::install_py_dlls(): PyInit__hashlib
 DEBUG root [2017-05-15 02:58:05,247] - Script::install_py_dlls(): PyInit_select
 DEBUG root [2017-05-15 02:58:05,247] - Script::install_py_dlls(): PyInit__ctypes
 DEBUG root [2017-05-15 02:58:05,248] - Script::install_py_dlls(): PyInit__elementtree
 DEBUG root [2017-05-15 02:58:05,290] - Script::install_py_dlls(): PyInit_unicodedata
  INFO root [2017-05-15 02:58:05,333] - Script::install(): is successfully, Python=(3.4.2 (default, May  3 2017, 01:51:26) [MSC v.1800 32 bit (Intel)])!
  INFO root [2017-05-15 02:58:05,334] - Script::install(): KBExtra is successfully!
S_INFO root [2017-05-15 02:58:05,345] - onInterfaceAppReady: bootstrapGroupIndex=0, bootstrapGlobalIndex=0
  INFO root [2017-05-15 02:58:05,352] - TelnetServer server is running on port 33000
  INFO root [2017-05-15 02:58:05,609] - ---- interfaces is running ----
 DEBUG root [2017-05-15 02:58:05,610] - Components::process(): Request for the process of identity...
  INFO root [2017-05-15 02:58:12,715] - Components::process(): Found all the components!
S_INFO root [2017-05-15 02:58:54,344] - onRequestAccountLogin: registerName=1
  WARN root [2017-05-15 03:01:39,969] - TCPPacketReceiver::processPendingEvents: Throwing REASON_GENERAL_NETWORK - WSAECONNRESET
  INFO root [2017-05-15 03:01:43,753] - -----------------------------------------------------------------------------------------


  INFO root [2017-05-15 03:01:43,754] - Resmgr::initialize: KBE_ROOT=C:/kbengine/
  INFO root [2017-05-15 03:01:43,754] - Resmgr::initialize: KBE_RES_PATH=C:/kbengine/kbe/res/;C:/kbengine/web-mobile/;C:/kbengine/web-mobile/scripts/;C:/kbengine/web-mobile/res/
  INFO root [2017-05-15 03:01:43,754] - Resmgr::initialize: KBE_BIN_PATH=C:/kbengine/kbe/bin/server/
  INFO root [2017-05-15 03:01:43,756] - NetworkInterface::recreateListeningSocket(INTERNAL): bound to all interfaces with default route interface on 10.0.75.1 ( 10.0.75.1:30099 )
  INFO root [2017-05-15 03:01:43,756] - NetworkInterface::recreateListeningSocket(INTERNAL): address 10.0.75.1:30099, SOMAXCONN=5.
  INFO root [2017-05-15 03:01:43,768] - ---- interfaces Version: 0.9.12. ScriptVersion: 0.1.0. Protocol: F4697C602095C8BD3C136660102B7FD6. Config: Debug X86. Built: 01:51:30 May  3 2017. AppID: 3000. UID: 54001. PID: 4188 ----
  INFO root [2017-05-15 03:01:43,781] - Server : Intel(R) Core(TM) i5-4460  CPU @ 3.20GHz with 2097151kB RAM
  INFO root [2017-05-15 03:01:43,799] - ThreadPool::createThreadPool: creating  threadpool...
  INFO root [2017-05-15 03:01:43,799] - ThreadPool::createThreadPool: successfully(2), newThreadCount=1, normalMaxThreadCount=2, maxThreadCount=8
 DEBUG root [2017-05-15 03:01:43,969] - Script::install_py_dlls(): PyInit_pyexpat
 DEBUG root [2017-05-15 03:01:43,970] - Script::install_py_dlls(): PyInit__socket
 DEBUG root [2017-05-15 03:01:43,970] - Script::install_py_dlls(): PyInit__hashlib
 DEBUG root [2017-05-15 03:01:43,972] - Script::install_py_dlls(): PyInit_select
 DEBUG root [2017-05-15 03:01:43,972] - Script::install_py_dlls(): PyInit__ctypes
 DEBUG root [2017-05-15 03:01:43,973] - Script::install_py_dlls(): PyInit__elementtree
 DEBUG root [2017-05-15 03:01:44,015] - Script::install_py_dlls(): PyInit_unicodedata
  INFO root [2017-05-15 03:01:44,080] - Script::install(): is successfully, Python=(3.4.2 (default, May  3 2017, 01:51:26) [MSC v.1800 32 bit (Intel)])!
  INFO root [2017-05-15 03:01:44,081] - Script::install(): KBExtra is successfully!
S_INFO root [2017-05-15 03:01:44,091] - onInterfaceAppReady: bootstrapGroupIndex=0, bootstrapGlobalIndex=0
  INFO root [2017-05-15 03:01:44,102] - TelnetServer server is running on port 33000
  INFO root [2017-05-15 03:01:44,409] - ---- interfaces is running ----
 DEBUG root [2017-05-15 03:01:44,410] - Components::process(): Request for the process of identity...
  INFO root [2017-05-15 03:01:51,654] - Components::process(): Found all the components!
S_INFO root [2017-05-15 03:02:43,588] - onRequestAccountLogin: registerName=1
  WARN root [2017-05-15 03:04:08,067] - TCPPacketReceiver::processPendingEvents: Throwing REASON_GENERAL_NETWORK - WSAECONNRESET
  INFO root [2017-05-15 03:04:11,932] - -----------------------------------------------------------------------------------------


  INFO root [2017-05-15 03:04:11,933] - Resmgr::initialize: KBE_ROOT=C:/kbengine/
  INFO root [2017-05-15 03:04:11,933] - Resmgr::initialize: KBE_RES_PATH=C:/kbengine/kbe/res/;C:/kbengine/web-mobile/;C:/kbengine/web-mobile/scripts/;C:/kbengine/web-mobile/res/
  INFO root [2017-05-15 03:04:11,933] - Resmgr::initialize: KBE_BIN_PATH=C:/kbengine/kbe/bin/server/
  INFO root [2017-05-15 03:04:11,946] - NetworkInterface::recreateListeningSocket(INTERNAL): bound to all interfaces with default route interface on 10.0.75.1 ( 10.0.75.1:30099 )
  INFO root [2017-05-15 03:04:11,946] - NetworkInterface::recreateListeningSocket(INTERNAL): address 10.0.75.1:30099, SOMAXCONN=5.
  INFO root [2017-05-15 03:04:11,950] - ---- interfaces Version: 0.9.12. ScriptVersion: 0.1.0. Protocol: F4697C602095C8BD3C136660102B7FD6. Config: Debug X86. Built: 01:51:30 May  3 2017. AppID: 3000. UID: 54001. PID: 9676 ----
  INFO root [2017-05-15 03:04:11,951] - Server : Intel(R) Core(TM) i5-4460  CPU @ 3.20GHz with 2097151kB RAM
  INFO root [2017-05-15 03:04:11,951] - ThreadPool::createThreadPool: creating  threadpool...
  INFO root [2017-05-15 03:04:11,951] - ThreadPool::createThreadPool: successfully(2), newThreadCount=1, normalMaxThreadCount=2, maxThreadCount=8
 DEBUG root [2017-05-15 03:04:12,100] - Script::install_py_dlls(): PyInit_pyexpat
 DEBUG root [2017-05-15 03:04:12,101] - Script::install_py_dlls(): PyInit__socket
 DEBUG root [2017-05-15 03:04:12,102] - Script::install_py_dlls(): PyInit__hashlib
 DEBUG root [2017-05-15 03:04:12,104] - Script::install_py_dlls(): PyInit_select
 DEBUG root [2017-05-15 03:04:12,104] - Script::install_py_dlls(): PyInit__ctypes
 DEBUG root [2017-05-15 03:04:12,105] - Script::install_py_dlls(): PyInit__elementtree
 DEBUG root [2017-05-15 03:04:12,146] - Script::install_py_dlls(): PyInit_unicodedata
  INFO root [2017-05-15 03:04:12,223] - Script::install(): is successfully, Python=(3.4.2 (default, May  3 2017, 01:51:26) [MSC v.1800 32 bit (Intel)])!
  INFO root [2017-05-15 03:04:12,223] - Script::install(): KBExtra is successfully!
S_INFO root [2017-05-15 03:04:12,233] - onInterfaceAppReady: bootstrapGroupIndex=0, bootstrapGlobalIndex=0
  INFO root [2017-05-15 03:04:12,241] - TelnetServer server is running on port 33000
  INFO root [2017-05-15 03:04:12,535] - ---- interfaces is running ----
 DEBUG root [2017-05-15 03:04:12,535] - Components::process(): Request for the process of identity...
  INFO root [2017-05-15 03:04:19,733] - Components::process(): Found all the components!
S_INFO root [2017-05-15 03:04:32,432] - onRequestAccountLogin: registerName=1
  WARN root [2017-05-15 03:08:21,393] - TCPPacketReceiver::processPendingEvents: Throwing REASON_GENERAL_NETWORK - WSAECONNRESET
  INFO root [2017-05-15 03:08:25,279] - -----------------------------------------------------------------------------------------


  INFO root [2017-05-15 03:08:25,280] - Resmgr::initialize: KBE_ROOT=C:/kbengine/
  INFO root [2017-05-15 03:08:25,280] - Resmgr::initialize: KBE_RES_PATH=C:/kbengine/kbe/res/;C:/kbengine/web-mobile/;C:/kbengine/web-mobile/scripts/;C:/kbengine/web-mobile/res/
  INFO root [2017-05-15 03:08:25,280] - Resmgr::initialize: KBE_BIN_PATH=C:/kbengine/kbe/bin/server/
  INFO root [2017-05-15 03:08:25,283] - NetworkInterface::recreateListeningSocket(INTERNAL): bound to all interfaces with default route interface on 10.0.75.1 ( 10.0.75.1:30099 )
  INFO root [2017-05-15 03:08:25,283] - NetworkInterface::recreateListeningSocket(INTERNAL): address 10.0.75.1:30099, SOMAXCONN=5.
  INFO root [2017-05-15 03:08:25,290] - ---- interfaces Version: 0.9.12. ScriptVersion: 0.1.0. Protocol: F4697C602095C8BD3C136660102B7FD6. Config: Debug X86. Built: 01:51:30 May  3 2017. AppID: 3000. UID: 54001. PID: 3152 ----
  INFO root [2017-05-15 03:08:25,307] - Server : Intel(R) Core(TM) i5-4460  CPU @ 3.20GHz with 2097151kB RAM
  INFO root [2017-05-15 03:08:25,308] - ThreadPool::createThreadPool: creating  threadpool...
  INFO root [2017-05-15 03:08:25,308] - ThreadPool::createThreadPool: successfully(2), newThreadCount=1, normalMaxThreadCount=2, maxThreadCount=8
 DEBUG root [2017-05-15 03:08:25,444] - Script::install_py_dlls(): PyInit_pyexpat
 DEBUG root [2017-05-15 03:08:25,444] - Script::install_py_dlls(): PyInit__socket
 DEBUG root [2017-05-15 03:08:25,445] - Script::install_py_dlls(): PyInit__hashlib
 DEBUG root [2017-05-15 03:08:25,447] - Script::install_py_dlls(): PyInit_select
 DEBUG root [2017-05-15 03:08:25,447] - Script::install_py_dlls(): PyInit__ctypes
 DEBUG root [2017-05-15 03:08:25,447] - Script::install_py_dlls(): PyInit__elementtree
 DEBUG root [2017-05-15 03:08:25,491] - Script::install_py_dlls(): PyInit_unicodedata
  INFO root [2017-05-15 03:08:25,530] - Script::install(): is successfully, Python=(3.4.2 (default, May  3 2017, 01:51:26) [MSC v.1800 32 bit (Intel)])!
  INFO root [2017-05-15 03:08:25,530] - Script::install(): KBExtra is successfully!
S_INFO root [2017-05-15 03:08:25,543] - onInterfaceAppReady: bootstrapGroupIndex=0, bootstrapGlobalIndex=0
  INFO root [2017-05-15 03:08:25,551] - TelnetServer server is running on port 33000
  INFO root [2017-05-15 03:08:25,822] - ---- interfaces is running ----
 DEBUG root [2017-05-15 03:08:25,822] - Components::process(): Request for the process of identity...
  INFO root [2017-05-15 03:08:32,981] - Components::process(): Found all the components!
S_INFO root [2017-05-15 03:08:55,543] - onRequestAccountLogin: registerName=1
  WARN root [2017-05-15 03:10:06,423] - TCPPacketReceiver::processPendingEvents: Throwing REASON_GENERAL_NETWORK - WSAECONNRESET
  INFO root [2017-05-15 03:10:10,145] - -----------------------------------------------------------------------------------------


  INFO root [2017-05-15 03:10:10,146] - Resmgr::initialize: KBE_ROOT=C:/kbengine/
  INFO root [2017-05-15 03:10:10,146] - Resmgr::initialize: KBE_RES_PATH=C:/kbengine/kbe/res/;C:/kbengine/web-mobile/;C:/kbengine/web-mobile/scripts/;C:/kbengine/web-mobile/res/
  INFO root [2017-05-15 03:10:10,146] - Resmgr::initialize: KBE_BIN_PATH=C:/kbengine/kbe/bin/server/
  INFO root [2017-05-15 03:10:10,148] - NetworkInterface::recreateListeningSocket(INTERNAL): bound to all interfaces with default route interface on 10.0.75.1 ( 10.0.75.1:30099 )
  INFO root [2017-05-15 03:10:10,148] - NetworkInterface::recreateListeningSocket(INTERNAL): address 10.0.75.1:30099, SOMAXCONN=5.
  INFO root [2017-05-15 03:10:10,154] - ---- interfaces Version: 0.9.12. ScriptVersion: 0.1.0. Protocol: F4697C602095C8BD3C136660102B7FD6. Config: Debug X86. Built: 01:51:30 May  3 2017. AppID: 3000. UID: 54001. PID: 2596 ----
  INFO root [2017-05-15 03:10:10,158] - Server : Intel(R) Core(TM) i5-4460  CPU @ 3.20GHz with 2097151kB RAM
  INFO root [2017-05-15 03:10:10,158] - ThreadPool::createThreadPool: creating  threadpool...
  INFO root [2017-05-15 03:10:10,158] - ThreadPool::createThreadPool: successfully(2), newThreadCount=1, normalMaxThreadCount=2, maxThreadCount=8
 DEBUG root [2017-05-15 03:10:10,359] - Script::install_py_dlls(): PyInit_pyexpat
 DEBUG root [2017-05-15 03:10:10,359] - Script::install_py_dlls(): PyInit__socket
 DEBUG root [2017-05-15 03:10:10,359] - Script::install_py_dlls(): PyInit__hashlib
 DEBUG root [2017-05-15 03:10:10,361] - Script::install_py_dlls(): PyInit_select
 DEBUG root [2017-05-15 03:10:10,361] - Script::install_py_dlls(): PyInit__ctypes
 DEBUG root [2017-05-15 03:10:10,362] - Script::install_py_dlls(): PyInit__elementtree
 DEBUG root [2017-05-15 03:10:10,403] - Script::install_py_dlls(): PyInit_unicodedata
  INFO root [2017-05-15 03:10:10,457] - Script::install(): is successfully, Python=(3.4.2 (default, May  3 2017, 01:51:26) [MSC v.1800 32 bit (Intel)])!
  INFO root [2017-05-15 03:10:10,457] - Script::install(): KBExtra is successfully!
S_INFO root [2017-05-15 03:10:10,468] - onInterfaceAppReady: bootstrapGroupIndex=0, bootstrapGlobalIndex=0
  INFO root [2017-05-15 03:10:10,476] - TelnetServer server is running on port 33000
  INFO root [2017-05-15 03:10:10,755] - ---- interfaces is running ----
 DEBUG root [2017-05-15 03:10:10,756] - Components::process(): Request for the process of identity...
  INFO root [2017-05-15 03:10:17,847] - Components::process(): Found all the components!
S_INFO root [2017-05-15 03:10:39,269] - onRequestAccountLogin: registerName=1
S_INFO root [2017-05-15 03:14:35,167] - onRequestAccountLogin: registerName=1
S_INFO root [2017-05-15 03:17:10,266] - onRequestAccountLogin: registerName=1
  WARN root [2017-05-15 03:18:55,120] - TCPPacketReceiver::processPendingEvents: Throwing REASON_GENERAL_NETWORK - WSAECONNRESET
  INFO root [2017-05-15 03:18:58,596] - -----------------------------------------------------------------------------------------


  INFO root [2017-05-15 03:18:58,597] - Resmgr::initialize: KBE_ROOT=C:/kbengine/
  INFO root [2017-05-15 03:18:58,598] - Resmgr::initialize: KBE_RES_PATH=C:/kbengine/kbe/res/;C:/kbengine/web-mobile/;C:/kbengine/web-mobile/scripts/;C:/kbengine/web-mobile/res/
  INFO root [2017-05-15 03:18:58,598] - Resmgr::initialize: KBE_BIN_PATH=C:/kbengine/kbe/bin/server/
  INFO root [2017-05-15 03:18:58,627] - NetworkInterface::recreateListeningSocket(INTERNAL): bound to all interfaces with default route interface on 10.0.75.1 ( 10.0.75.1:30099 )
  INFO root [2017-05-15 03:18:58,628] - NetworkInterface::recreateListeningSocket(INTERNAL): address 10.0.75.1:30099, SOMAXCONN=5.
  INFO root [2017-05-15 03:18:58,640] - ---- interfaces Version: 0.9.12. ScriptVersion: 0.1.0. Protocol: F4697C602095C8BD3C136660102B7FD6. Config: Debug X86. Built: 01:51:30 May  3 2017. AppID: 3000. UID: 54001. PID: 13120 ----
  INFO root [2017-05-15 03:18:58,644] - Server : Intel(R) Core(TM) i5-4460  CPU @ 3.20GHz with 2097151kB RAM
  INFO root [2017-05-15 03:18:58,646] - ThreadPool::createThreadPool: creating  threadpool...
  INFO root [2017-05-15 03:18:58,646] - ThreadPool::createThreadPool: successfully(2), newThreadCount=1, normalMaxThreadCount=2, maxThreadCount=8
 DEBUG root [2017-05-15 03:18:58,792] - Script::install_py_dlls(): PyInit_pyexpat
 DEBUG root [2017-05-15 03:18:58,792] - Script::install_py_dlls(): PyInit__socket
 DEBUG root [2017-05-15 03:18:58,792] - Script::install_py_dlls(): PyInit__hashlib
 DEBUG root [2017-05-15 03:18:58,794] - Script::install_py_dlls(): PyInit_select
 DEBUG root [2017-05-15 03:18:58,795] - Script::install_py_dlls(): PyInit__ctypes
 DEBUG root [2017-05-15 03:18:58,795] - Script::install_py_dlls(): PyInit__elementtree
 DEBUG root [2017-05-15 03:18:58,841] - Script::install_py_dlls(): PyInit_unicodedata
  INFO root [2017-05-15 03:18:58,899] - Script::install(): is successfully, Python=(3.4.2 (default, May  3 2017, 01:51:26) [MSC v.1800 32 bit (Intel)])!
  INFO root [2017-05-15 03:18:58,899] - Script::install(): KBExtra is successfully!
S_INFO root [2017-05-15 03:18:58,910] - onInterfaceAppReady: bootstrapGroupIndex=0, bootstrapGlobalIndex=0
  INFO root [2017-05-15 03:18:58,919] - TelnetServer server is running on port 33000
  INFO root [2017-05-15 03:18:59,223] - ---- interfaces is running ----
 DEBUG root [2017-05-15 03:18:59,223] - Components::process(): Request for the process of identity...
  INFO root [2017-05-15 03:19:06,410] - Components::process(): Found all the components!
S_INFO root [2017-05-15 03:19:19,310] - onRequestAccountLogin: registerName=1
  WARN root [2017-05-15 03:22:59,434] - TCPPacketReceiver::processPendingEvents: Throwing REASON_GENERAL_NETWORK - WSAECONNRESET
  INFO root [2017-05-15 03:23:03,622] - -----------------------------------------------------------------------------------------


  INFO root [2017-05-15 03:23:03,623] - Resmgr::initialize: KBE_ROOT=C:/kbengine/
  INFO root [2017-05-15 03:23:03,623] - Resmgr::initialize: KBE_RES_PATH=C:/kbengine/kbe/res/;C:/kbengine/web-mobile/;C:/kbengine/web-mobile/scripts/;C:/kbengine/web-mobile/res/
  INFO root [2017-05-15 03:23:03,623] - Resmgr::initialize: KBE_BIN_PATH=C:/kbengine/kbe/bin/server/
  INFO root [2017-05-15 03:23:03,630] - NetworkInterface::recreateListeningSocket(INTERNAL): bound to all interfaces with default route interface on 10.0.75.1 ( 10.0.75.1:30099 )
  INFO root [2017-05-15 03:23:03,630] - NetworkInterface::recreateListeningSocket(INTERNAL): address 10.0.75.1:30099, SOMAXCONN=5.
  INFO root [2017-05-15 03:23:03,639] - ---- interfaces Version: 0.9.12. ScriptVersion: 0.1.0. Protocol: F4697C602095C8BD3C136660102B7FD6. Config: Debug X86. Built: 01:51:30 May  3 2017. AppID: 3000. UID: 54001. PID: 5544 ----
  INFO root [2017-05-15 03:23:03,648] - Server : Intel(R) Core(TM) i5-4460  CPU @ 3.20GHz with 2097151kB RAM
  INFO root [2017-05-15 03:23:03,648] - ThreadPool::createThreadPool: creating  threadpool...
  INFO root [2017-05-15 03:23:03,648] - ThreadPool::createThreadPool: successfully(2), newThreadCount=1, normalMaxThreadCount=2, maxThreadCount=8
 DEBUG root [2017-05-15 03:23:03,789] - Script::install_py_dlls(): PyInit_pyexpat
 DEBUG root [2017-05-15 03:23:03,789] - Script::install_py_dlls(): PyInit__socket
 DEBUG root [2017-05-15 03:23:03,790] - Script::install_py_dlls(): PyInit__hashlib
 DEBUG root [2017-05-15 03:23:03,792] - Script::install_py_dlls(): PyInit_select
 DEBUG root [2017-05-15 03:23:03,793] - Script::install_py_dlls(): PyInit__ctypes
 DEBUG root [2017-05-15 03:23:03,794] - Script::install_py_dlls(): PyInit__elementtree
 DEBUG root [2017-05-15 03:23:03,837] - Script::install_py_dlls(): PyInit_unicodedata
  INFO root [2017-05-15 03:23:03,882] - Script::install(): is successfully, Python=(3.4.2 (default, May  3 2017, 01:51:26) [MSC v.1800 32 bit (Intel)])!
  INFO root [2017-05-15 03:23:03,883] - Script::install(): KBExtra is successfully!
S_INFO root [2017-05-15 03:23:03,893] - onInterfaceAppReady: bootstrapGroupIndex=0, bootstrapGlobalIndex=0
  INFO root [2017-05-15 03:23:03,903] - TelnetServer server is running on port 33000
  INFO root [2017-05-15 03:23:04,169] - ---- interfaces is running ----
 DEBUG root [2017-05-15 03:23:04,169] - Components::process(): Request for the process of identity...
  INFO root [2017-05-15 03:23:11,328] - Components::process(): Found all the components!
S_INFO root [2017-05-15 03:23:34,290] - onRequestAccountLogin: registerName=1
  WARN root [2017-05-15 03:27:20,998] - TCPPacketReceiver::processPendingEvents: Throwing REASON_GENERAL_NETWORK - WSAECONNRESET
  INFO root [2017-05-15 03:27:25,939] - -----------------------------------------------------------------------------------------


  INFO root [2017-05-15 03:27:25,941] - Resmgr::initialize: KBE_ROOT=C:/kbengine/
  INFO root [2017-05-15 03:27:25,942] - Resmgr::initialize: KBE_RES_PATH=C:/kbengine/kbe/res/;C:/kbengine/web-mobile/;C:/kbengine/web-mobile/scripts/;C:/kbengine/web-mobile/res/
  INFO root [2017-05-15 03:27:25,942] - Resmgr::initialize: KBE_BIN_PATH=C:/kbengine/kbe/bin/server/
  INFO root [2017-05-15 03:27:25,949] - NetworkInterface::recreateListeningSocket(INTERNAL): bound to all interfaces with default route interface on 10.0.75.1 ( 10.0.75.1:30099 )
  INFO root [2017-05-15 03:27:25,949] - NetworkInterface::recreateListeningSocket(INTERNAL): address 10.0.75.1:30099, SOMAXCONN=5.
  INFO root [2017-05-15 03:27:25,953] - ---- interfaces Version: 0.9.12. ScriptVersion: 0.1.0. Protocol: F4697C602095C8BD3C136660102B7FD6. Config: Debug X86. Built: 01:51:30 May  3 2017. AppID: 3000. UID: 54001. PID: 804 ----
  INFO root [2017-05-15 03:27:25,954] - Server : Intel(R) Core(TM) i5-4460  CPU @ 3.20GHz with 2097151kB RAM
  INFO root [2017-05-15 03:27:25,954] - ThreadPool::createThreadPool: creating  threadpool...
  INFO root [2017-05-15 03:27:25,954] - ThreadPool::createThreadPool: successfully(2), newThreadCount=1, normalMaxThreadCount=2, maxThreadCount=8
 DEBUG root [2017-05-15 03:27:26,122] - Script::install_py_dlls(): PyInit_pyexpat
 DEBUG root [2017-05-15 03:27:26,123] - Script::install_py_dlls(): PyInit__socket
 DEBUG root [2017-05-15 03:27:26,123] - Script::install_py_dlls(): PyInit__hashlib
 DEBUG root [2017-05-15 03:27:26,126] - Script::install_py_dlls(): PyInit_select
 DEBUG root [2017-05-15 03:27:26,126] - Script::install_py_dlls(): PyInit__ctypes
 DEBUG root [2017-05-15 03:27:26,127] - Script::install_py_dlls(): PyInit__elementtree
 DEBUG root [2017-05-15 03:27:26,166] - Script::install_py_dlls(): PyInit_unicodedata
  INFO root [2017-05-15 03:27:26,204] - Script::install(): is successfully, Python=(3.4.2 (default, May  3 2017, 01:51:26) [MSC v.1800 32 bit (Intel)])!
  INFO root [2017-05-15 03:27:26,204] - Script::install(): KBExtra is successfully!
S_INFO root [2017-05-15 03:27:26,219] - onInterfaceAppReady: bootstrapGroupIndex=0, bootstrapGlobalIndex=0
  INFO root [2017-05-15 03:27:26,227] - TelnetServer server is running on port 33000
  INFO root [2017-05-15 03:27:26,504] - ---- interfaces is running ----
 DEBUG root [2017-05-15 03:27:26,504] - Components::process(): Request for the process of identity...
  INFO root [2017-05-15 03:27:35,207] - -----------------------------------------------------------------------------------------


  INFO root [2017-05-15 03:27:35,208] - Resmgr::initialize: KBE_ROOT=C:/kbengine/
  INFO root [2017-05-15 03:27:35,208] - Resmgr::initialize: KBE_RES_PATH=C:/kbengine/kbe/res/;C:/kbengine/web-mobile/;C:/kbengine/web-mobile/scripts/;C:/kbengine/web-mobile/res/
  INFO root [2017-05-15 03:27:35,208] - Resmgr::initialize: KBE_BIN_PATH=C:/kbengine/kbe/bin/server/
  INFO root [2017-05-15 03:27:35,212] - NetworkInterface::recreateListeningSocket(INTERNAL): bound to all interfaces with default route interface on 10.0.75.1 ( 10.0.75.1:30099 )
  INFO root [2017-05-15 03:27:35,218] - NetworkInterface::recreateListeningSocket(INTERNAL): address 10.0.75.1:30099, SOMAXCONN=5.
  INFO root [2017-05-15 03:27:35,222] - ---- interfaces Version: 0.9.12. ScriptVersion: 0.1.0. Protocol: F4697C602095C8BD3C136660102B7FD6. Config: Debug X86. Built: 01:51:30 May  3 2017. AppID: 3000. UID: 54001. PID: 12420 ----
  INFO root [2017-05-15 03:27:35,234] - Server : Intel(R) Core(TM) i5-4460  CPU @ 3.20GHz with 2097151kB RAM
  INFO root [2017-05-15 03:27:35,251] - ThreadPool::createThreadPool: creating  threadpool...
  INFO root [2017-05-15 03:27:35,251] - ThreadPool::createThreadPool: successfully(2), newThreadCount=1, normalMaxThreadCount=2, maxThreadCount=8
 DEBUG root [2017-05-15 03:27:35,441] - Script::install_py_dlls(): PyInit_pyexpat
 DEBUG root [2017-05-15 03:27:35,441] - Script::install_py_dlls(): PyInit__socket
 DEBUG root [2017-05-15 03:27:35,442] - Script::install_py_dlls(): PyInit__hashlib
 DEBUG root [2017-05-15 03:27:35,445] - Script::install_py_dlls(): PyInit_select
 DEBUG root [2017-05-15 03:27:35,445] - Script::install_py_dlls(): PyInit__ctypes
 DEBUG root [2017-05-15 03:27:35,447] - Script::install_py_dlls(): PyInit__elementtree
 DEBUG root [2017-05-15 03:27:35,507] - Script::install_py_dlls(): PyInit_unicodedata
  INFO root [2017-05-15 03:27:35,556] - Script::install(): is successfully, Python=(3.4.2 (default, May  3 2017, 01:51:26) [MSC v.1800 32 bit (Intel)])!
  INFO root [2017-05-15 03:27:35,557] - Script::install(): KBExtra is successfully!
S_INFO root [2017-05-15 03:27:35,570] - onInterfaceAppReady: bootstrapGroupIndex=0, bootstrapGlobalIndex=0
  INFO root [2017-05-15 03:27:35,587] - TelnetServer server is running on port 33000
  INFO root [2017-05-15 03:27:35,925] - ---- interfaces is running ----
 DEBUG root [2017-05-15 03:27:35,925] - Components::process(): Request for the process of identity...
  INFO root [2017-05-15 03:27:43,108] - Components::process(): Found all the components!
S_INFO root [2017-05-15 03:28:09,070] - onRequestAccountLogin: registerName=1
S_INFO root [2017-05-15 03:29:27,869] - onRequestAccountLogin: registerName=1
  WARN root [2017-05-15 03:31:13,789] - TCPPacketReceiver::processPendingEvents: Throwing REASON_GENERAL_NETWORK - WSAECONNRESET
  INFO root [2017-05-15 03:32:01,700] - -----------------------------------------------------------------------------------------


  INFO root [2017-05-15 03:32:01,700] - Resmgr::initialize: KBE_ROOT=C:/kbengine/
  INFO root [2017-05-15 03:32:01,700] - Resmgr::initialize: KBE_RES_PATH=C:/kbengine/kbe/res/;C:/kbengine/web-mobile/;C:/kbengine/web-mobile/scripts/;C:/kbengine/web-mobile/res/
  INFO root [2017-05-15 03:32:01,701] - Resmgr::initialize: KBE_BIN_PATH=C:/kbengine/kbe/bin/server/
  INFO root [2017-05-15 03:32:01,719] - NetworkInterface::recreateListeningSocket(INTERNAL): bound to all interfaces with default route interface on 10.0.75.1 ( 10.0.75.1:30099 )
  INFO root [2017-05-15 03:32:01,719] - NetworkInterface::recreateListeningSocket(INTERNAL): address 10.0.75.1:30099, SOMAXCONN=5.
  INFO root [2017-05-15 03:32:01,724] - ---- interfaces Version: 0.9.12. ScriptVersion: 0.1.0. Protocol: F4697C602095C8BD3C136660102B7FD6. Config: Debug X86. Built: 01:51:30 May  3 2017. AppID: 3000. UID: 54001. PID: 4548 ----
  INFO root [2017-05-15 03:32:01,733] - Server : Intel(R) Core(TM) i5-4460  CPU @ 3.20GHz with 2097151kB RAM
  INFO root [2017-05-15 03:32:01,733] - ThreadPool::createThreadPool: creating  threadpool...
  INFO root [2017-05-15 03:32:01,734] - ThreadPool::createThreadPool: successfully(2), newThreadCount=1, normalMaxThreadCount=2, maxThreadCount=8
 DEBUG root [2017-05-15 03:32:01,885] - Script::install_py_dlls(): PyInit_pyexpat
 DEBUG root [2017-05-15 03:32:01,886] - Script::install_py_dlls(): PyInit__socket
 DEBUG root [2017-05-15 03:32:01,886] - Script::install_py_dlls(): PyInit__hashlib
 DEBUG root [2017-05-15 03:32:01,888] - Script::install_py_dlls(): PyInit_select
 DEBUG root [2017-05-15 03:32:01,888] - Script::install_py_dlls(): PyInit__ctypes
 DEBUG root [2017-05-15 03:32:01,888] - Script::install_py_dlls(): PyInit__elementtree
 DEBUG root [2017-05-15 03:32:01,925] - Script::install_py_dlls(): PyInit_unicodedata
  INFO root [2017-05-15 03:32:01,985] - Script::install(): is successfully, Python=(3.4.2 (default, May  3 2017, 01:51:26) [MSC v.1800 32 bit (Intel)])!
  INFO root [2017-05-15 03:32:01,985] - Script::install(): KBExtra is successfully!
S_INFO root [2017-05-15 03:32:01,995] - onInterfaceAppReady: bootstrapGroupIndex=0, bootstrapGlobalIndex=0
  INFO root [2017-05-15 03:32:02,004] - TelnetServer server is running on port 33000
  INFO root [2017-05-15 03:32:02,289] - ---- interfaces is running ----
 DEBUG root [2017-05-15 03:32:02,289] - Components::process(): Request for the process of identity...
  INFO root [2017-05-15 03:32:09,416] - Components::process(): Found all the components!
S_INFO root [2017-05-15 03:32:32,893] - onRequestAccountLogin: registerName=1
S_INFO root [2017-05-15 03:36:10,275] - onRequestAccountLogin: registerName=1
  WARN root [2017-05-15 04:36:54,518] - TCPPacketReceiver::processPendingEvents: Throwing REASON_GENERAL_NETWORK - WSAECONNRESET
  INFO root [2017-05-15 04:36:58,302] - -----------------------------------------------------------------------------------------


  INFO root [2017-05-15 04:36:58,302] - Resmgr::initialize: KBE_ROOT=C:/kbengine/
  INFO root [2017-05-15 04:36:58,303] - Resmgr::initialize: KBE_RES_PATH=C:/kbengine/kbe/res/;C:/kbengine/web-mobile/;C:/kbengine/web-mobile/scripts/;C:/kbengine/web-mobile/res/
  INFO root [2017-05-15 04:36:58,303] - Resmgr::initialize: KBE_BIN_PATH=C:/kbengine/kbe/bin/server/
  INFO root [2017-05-15 04:36:58,305] - NetworkInterface::recreateListeningSocket(INTERNAL): bound to all interfaces with default route interface on 10.0.75.1 ( 10.0.75.1:30099 )
  INFO root [2017-05-15 04:36:58,305] - NetworkInterface::recreateListeningSocket(INTERNAL): address 10.0.75.1:30099, SOMAXCONN=5.
  INFO root [2017-05-15 04:36:58,309] - ---- interfaces Version: 0.9.12. ScriptVersion: 0.1.0. Protocol: F4697C602095C8BD3C136660102B7FD6. Config: Debug X86. Built: 01:51:30 May  3 2017. AppID: 3000. UID: 54001. PID: 2844 ----
  INFO root [2017-05-15 04:36:58,314] - Server : Intel(R) Core(TM) i5-4460  CPU @ 3.20GHz with 2097151kB RAM
  INFO root [2017-05-15 04:36:58,314] - ThreadPool::createThreadPool: creating  threadpool...
  INFO root [2017-05-15 04:36:58,330] - ThreadPool::createThreadPool: successfully(2), newThreadCount=1, normalMaxThreadCount=2, maxThreadCount=8
 DEBUG root [2017-05-15 04:36:58,471] - Script::install_py_dlls(): PyInit_pyexpat
 DEBUG root [2017-05-15 04:36:58,471] - Script::install_py_dlls(): PyInit__socket
 DEBUG root [2017-05-15 04:36:58,471] - Script::install_py_dlls(): PyInit__hashlib
 DEBUG root [2017-05-15 04:36:58,473] - Script::install_py_dlls(): PyInit_select
 DEBUG root [2017-05-15 04:36:58,473] - Script::install_py_dlls(): PyInit__ctypes
 DEBUG root [2017-05-15 04:36:58,474] - Script::install_py_dlls(): PyInit__elementtree
 DEBUG root [2017-05-15 04:36:58,512] - Script::install_py_dlls(): PyInit_unicodedata
  INFO root [2017-05-15 04:36:58,547] - Script::install(): is successfully, Python=(3.4.2 (default, May  3 2017, 01:51:26) [MSC v.1800 32 bit (Intel)])!
  INFO root [2017-05-15 04:36:58,547] - Script::install(): KBExtra is successfully!
S_INFO root [2017-05-15 04:36:58,559] - onInterfaceAppReady: bootstrapGroupIndex=0, bootstrapGlobalIndex=0
  INFO root [2017-05-15 04:36:58,568] - TelnetServer server is running on port 33000
  INFO root [2017-05-15 04:36:58,841] - ---- interfaces is running ----
 DEBUG root [2017-05-15 04:36:58,841] - Components::process(): Request for the process of identity...
  INFO root [2017-05-15 04:37:06,003] - Components::process(): Found all the components!
S_INFO root [2017-05-15 04:37:35,558] - onRequestAccountLogin: registerName=1
  WARN root [2017-05-15 04:42:56,815] - TCPPacketReceiver::processPendingEvents: Throwing REASON_GENERAL_NETWORK - WSAECONNRESET
  INFO root [2017-05-15 04:43:01,957] - -----------------------------------------------------------------------------------------


  INFO root [2017-05-15 04:43:01,958] - Resmgr::initialize: KBE_ROOT=C:/kbengine/
  INFO root [2017-05-15 04:43:01,958] - Resmgr::initialize: KBE_RES_PATH=C:/kbengine/kbe/res/;C:/kbengine/web-mobile/;C:/kbengine/web-mobile/scripts/;C:/kbengine/web-mobile/res/
  INFO root [2017-05-15 04:43:01,958] - Resmgr::initialize: KBE_BIN_PATH=C:/kbengine/kbe/bin/server/
  INFO root [2017-05-15 04:43:01,968] - NetworkInterface::recreateListeningSocket(INTERNAL): bound to all interfaces with default route interface on 10.0.75.1 ( 10.0.75.1:30099 )
  INFO root [2017-05-15 04:43:01,969] - NetworkInterface::recreateListeningSocket(INTERNAL): address 10.0.75.1:30099, SOMAXCONN=5.
  INFO root [2017-05-15 04:43:01,984] - ---- interfaces Version: 0.9.12. ScriptVersion: 0.1.0. Protocol: F4697C602095C8BD3C136660102B7FD6. Config: Debug X86. Built: 01:51:30 May  3 2017. AppID: 3000. UID: 54001. PID: 7524 ----
  INFO root [2017-05-15 04:43:01,998] - Server : Intel(R) Core(TM) i5-4460  CPU @ 3.20GHz with 2097151kB RAM
  INFO root [2017-05-15 04:43:01,998] - ThreadPool::createThreadPool: creating  threadpool...
  INFO root [2017-05-15 04:43:01,998] - ThreadPool::createThreadPool: successfully(2), newThreadCount=1, normalMaxThreadCount=2, maxThreadCount=8
 DEBUG root [2017-05-15 04:43:02,155] - Script::install_py_dlls(): PyInit_pyexpat
 DEBUG root [2017-05-15 04:43:02,156] - Script::install_py_dlls(): PyInit__socket
 DEBUG root [2017-05-15 04:43:02,156] - Script::install_py_dlls(): PyInit__hashlib
 DEBUG root [2017-05-15 04:43:02,158] - Script::install_py_dlls(): PyInit_select
 DEBUG root [2017-05-15 04:43:02,158] - Script::install_py_dlls(): PyInit__ctypes
 DEBUG root [2017-05-15 04:43:02,159] - Script::install_py_dlls(): PyInit__elementtree
 DEBUG root [2017-05-15 04:43:02,203] - Script::install_py_dlls(): PyInit_unicodedata
  INFO root [2017-05-15 04:43:02,264] - Script::install(): is successfully, Python=(3.4.2 (default, May  3 2017, 01:51:26) [MSC v.1800 32 bit (Intel)])!
  INFO root [2017-05-15 04:43:02,264] - Script::install(): KBExtra is successfully!
S_INFO root [2017-05-15 04:43:02,274] - onInterfaceAppReady: bootstrapGroupIndex=0, bootstrapGlobalIndex=0
  INFO root [2017-05-15 04:43:02,284] - TelnetServer server is running on port 33000
  INFO root [2017-05-15 04:43:02,528] - ---- interfaces is running ----
 DEBUG root [2017-05-15 04:43:02,529] - Components::process(): Request for the process of identity...
  INFO root [2017-05-15 04:43:09,675] - Components::process(): Found all the components!
S_INFO root [2017-05-15 04:43:45,872] - onRequestAccountLogin: registerName=1
  WARN root [2017-05-15 04:45:42,774] - TCPPacketReceiver::processPendingEvents: Throwing REASON_GENERAL_NETWORK - WSAECONNRESET
  INFO root [2017-05-15 04:45:45,726] - -----------------------------------------------------------------------------------------


  INFO root [2017-05-15 04:45:45,727] - Resmgr::initialize: KBE_ROOT=C:/kbengine/
  INFO root [2017-05-15 04:45:45,727] - Resmgr::initialize: KBE_RES_PATH=C:/kbengine/kbe/res/;C:/kbengine/web-mobile/;C:/kbengine/web-mobile/scripts/;C:/kbengine/web-mobile/res/
  INFO root [2017-05-15 04:45:45,727] - Resmgr::initialize: KBE_BIN_PATH=C:/kbengine/kbe/bin/server/
  INFO root [2017-05-15 04:45:45,730] - NetworkInterface::recreateListeningSocket(INTERNAL): bound to all interfaces with default route interface on 10.0.75.1 ( 10.0.75.1:30099 )
  INFO root [2017-05-15 04:45:45,730] - NetworkInterface::recreateListeningSocket(INTERNAL): address 10.0.75.1:30099, SOMAXCONN=5.
  INFO root [2017-05-15 04:45:45,735] - ---- interfaces Version: 0.9.12. ScriptVersion: 0.1.0. Protocol: F4697C602095C8BD3C136660102B7FD6. Config: Debug X86. Built: 01:51:30 May  3 2017. AppID: 3000. UID: 54001. PID: 5888 ----
  INFO root [2017-05-15 04:45:45,736] - Server : Intel(R) Core(TM) i5-4460  CPU @ 3.20GHz with 2097151kB RAM
  INFO root [2017-05-15 04:45:45,736] - ThreadPool::createThreadPool: creating  threadpool...
  INFO root [2017-05-15 04:45:45,736] - ThreadPool::createThreadPool: successfully(2), newThreadCount=1, normalMaxThreadCount=2, maxThreadCount=8
 DEBUG root [2017-05-15 04:45:45,884] - Script::install_py_dlls(): PyInit_pyexpat
 DEBUG root [2017-05-15 04:45:45,884] - Script::install_py_dlls(): PyInit__socket
 DEBUG root [2017-05-15 04:45:45,885] - Script::install_py_dlls(): PyInit__hashlib
 DEBUG root [2017-05-15 04:45:45,886] - Script::install_py_dlls(): PyInit_select
 DEBUG root [2017-05-15 04:45:45,886] - Script::install_py_dlls(): PyInit__ctypes
 DEBUG root [2017-05-15 04:45:45,887] - Script::install_py_dlls(): PyInit__elementtree
 DEBUG root [2017-05-15 04:45:45,921] - Script::install_py_dlls(): PyInit_unicodedata
  INFO root [2017-05-15 04:45:45,962] - Script::install(): is successfully, Python=(3.4.2 (default, May  3 2017, 01:51:26) [MSC v.1800 32 bit (Intel)])!
  INFO root [2017-05-15 04:45:45,962] - Script::install(): KBExtra is successfully!
S_INFO root [2017-05-15 04:45:46,000] - onInterfaceAppReady: bootstrapGroupIndex=0, bootstrapGlobalIndex=0
  INFO root [2017-05-15 04:45:46,014] - TelnetServer server is running on port 33000
  INFO root [2017-05-15 04:45:46,263] - ---- interfaces is running ----
 DEBUG root [2017-05-15 04:45:46,263] - Components::process(): Request for the process of identity...
  INFO root [2017-05-15 04:45:53,400] - Components::process(): Found all the components!
S_INFO root [2017-05-15 04:46:14,999] - onRequestAccountLogin: registerName=1
  WARN root [2017-05-15 04:47:07,947] - TCPPacketReceiver::processPendingEvents: Throwing REASON_GENERAL_NETWORK - WSAECONNRESET
  INFO root [2017-05-15 04:47:11,569] - -----------------------------------------------------------------------------------------


  INFO root [2017-05-15 04:47:11,571] - Resmgr::initialize: KBE_ROOT=C:/kbengine/
  INFO root [2017-05-15 04:47:11,571] - Resmgr::initialize: KBE_RES_PATH=C:/kbengine/kbe/res/;C:/kbengine/web-mobile/;C:/kbengine/web-mobile/scripts/;C:/kbengine/web-mobile/res/
  INFO root [2017-05-15 04:47:11,572] - Resmgr::initialize: KBE_BIN_PATH=C:/kbengine/kbe/bin/server/
  INFO root [2017-05-15 04:47:11,579] - NetworkInterface::recreateListeningSocket(INTERNAL): bound to all interfaces with default route interface on 10.0.75.1 ( 10.0.75.1:30099 )
  INFO root [2017-05-15 04:47:11,580] - NetworkInterface::recreateListeningSocket(INTERNAL): address 10.0.75.1:30099, SOMAXCONN=5.
  INFO root [2017-05-15 04:47:11,583] - ---- interfaces Version: 0.9.12. ScriptVersion: 0.1.0. Protocol: F4697C602095C8BD3C136660102B7FD6. Config: Debug X86. Built: 01:51:30 May  3 2017. AppID: 3000. UID: 54001. PID: 3172 ----
  INFO root [2017-05-15 04:47:11,597] - Server : Intel(R) Core(TM) i5-4460  CPU @ 3.20GHz with 2097151kB RAM
  INFO root [2017-05-15 04:47:11,599] - ThreadPool::createThreadPool: creating  threadpool...
  INFO root [2017-05-15 04:47:11,599] - ThreadPool::createThreadPool: successfully(2), newThreadCount=1, normalMaxThreadCount=2, maxThreadCount=8
 DEBUG root [2017-05-15 04:47:11,767] - Script::install_py_dlls(): PyInit_pyexpat
 DEBUG root [2017-05-15 04:47:11,768] - Script::install_py_dlls(): PyInit__socket
 DEBUG root [2017-05-15 04:47:11,768] - Script::install_py_dlls(): PyInit__hashlib
 DEBUG root [2017-05-15 04:47:11,770] - Script::install_py_dlls(): PyInit_select
 DEBUG root [2017-05-15 04:47:11,770] - Script::install_py_dlls(): PyInit__ctypes
 DEBUG root [2017-05-15 04:47:11,770] - Script::install_py_dlls(): PyInit__elementtree
 DEBUG root [2017-05-15 04:47:11,816] - Script::install_py_dlls(): PyInit_unicodedata
  INFO root [2017-05-15 04:47:11,864] - Script::install(): is successfully, Python=(3.4.2 (default, May  3 2017, 01:51:26) [MSC v.1800 32 bit (Intel)])!
  INFO root [2017-05-15 04:47:11,864] - Script::install(): KBExtra is successfully!
S_INFO root [2017-05-15 04:47:11,876] - onInterfaceAppReady: bootstrapGroupIndex=0, bootstrapGlobalIndex=0
  INFO root [2017-05-15 04:47:11,884] - TelnetServer server is running on port 33000
  INFO root [2017-05-15 04:47:12,178] - ---- interfaces is running ----
 DEBUG root [2017-05-15 04:47:12,180] - Components::process(): Request for the process of identity...
  INFO root [2017-05-15 04:47:19,377] - Components::process(): Found all the components!
S_INFO root [2017-05-15 04:47:31,476] - onRequestAccountLogin: registerName=1
  WARN root [2017-05-15 04:48:35,184] - TCPPacketReceiver::processPendingEvents: Throwing REASON_GENERAL_NETWORK - WSAECONNRESET
  INFO root [2017-05-15 04:48:38,449] - -----------------------------------------------------------------------------------------


  INFO root [2017-05-15 04:48:38,450] - Resmgr::initialize: KBE_ROOT=C:/kbengine/
  INFO root [2017-05-15 04:48:38,450] - Resmgr::initialize: KBE_RES_PATH=C:/kbengine/kbe/res/;C:/kbengine/web-mobile/;C:/kbengine/web-mobile/scripts/;C:/kbengine/web-mobile/res/
  INFO root [2017-05-15 04:48:38,450] - Resmgr::initialize: KBE_BIN_PATH=C:/kbengine/kbe/bin/server/
  INFO root [2017-05-15 04:48:38,453] - NetworkInterface::recreateListeningSocket(INTERNAL): bound to all interfaces with default route interface on 10.0.75.1 ( 10.0.75.1:30099 )
  INFO root [2017-05-15 04:48:38,453] - NetworkInterface::recreateListeningSocket(INTERNAL): address 10.0.75.1:30099, SOMAXCONN=5.
  INFO root [2017-05-15 04:48:38,457] - ---- interfaces Version: 0.9.12. ScriptVersion: 0.1.0. Protocol: F4697C602095C8BD3C136660102B7FD6. Config: Debug X86. Built: 01:51:30 May  3 2017. AppID: 3000. UID: 54001. PID: 12536 ----
  INFO root [2017-05-15 04:48:38,460] - Server : Intel(R) Core(TM) i5-4460  CPU @ 3.20GHz with 2097151kB RAM
  INFO root [2017-05-15 04:48:38,460] - ThreadPool::createThreadPool: creating  threadpool...
  INFO root [2017-05-15 04:48:38,460] - ThreadPool::createThreadPool: successfully(2), newThreadCount=1, normalMaxThreadCount=2, maxThreadCount=8
 DEBUG root [2017-05-15 04:48:38,609] - Script::install_py_dlls(): PyInit_pyexpat
 DEBUG root [2017-05-15 04:48:38,609] - Script::install_py_dlls(): PyInit__socket
 DEBUG root [2017-05-15 04:48:38,609] - Script::install_py_dlls(): PyInit__hashlib
 DEBUG root [2017-05-15 04:48:38,611] - Script::install_py_dlls(): PyInit_select
 DEBUG root [2017-05-15 04:48:38,611] - Script::install_py_dlls(): PyInit__ctypes
 DEBUG root [2017-05-15 04:48:38,612] - Script::install_py_dlls(): PyInit__elementtree
 DEBUG root [2017-05-15 04:48:38,663] - Script::install_py_dlls(): PyInit_unicodedata
  INFO root [2017-05-15 04:48:38,706] - Script::install(): is successfully, Python=(3.4.2 (default, May  3 2017, 01:51:26) [MSC v.1800 32 bit (Intel)])!
  INFO root [2017-05-15 04:48:38,707] - Script::install(): KBExtra is successfully!
S_INFO root [2017-05-15 04:48:38,717] - onInterfaceAppReady: bootstrapGroupIndex=0, bootstrapGlobalIndex=0
  INFO root [2017-05-15 04:48:38,727] - TelnetServer server is running on port 33000
  INFO root [2017-05-15 04:48:38,976] - ---- interfaces is running ----
 DEBUG root [2017-05-15 04:48:38,976] - Components::process(): Request for the process of identity...
  INFO root [2017-05-15 04:48:46,151] - Components::process(): Found all the components!
S_INFO root [2017-05-15 04:48:59,416] - onRequestAccountLogin: registerName=1
  WARN root [2017-05-15 04:56:41,145] - TCPPacketReceiver::processPendingEvents: Throwing REASON_GENERAL_NETWORK - WSAECONNRESET
  INFO root [2017-05-15 04:58:09,891] - -----------------------------------------------------------------------------------------


  INFO root [2017-05-15 04:58:09,892] - Resmgr::initialize: KBE_ROOT=C:/kbengine/
  INFO root [2017-05-15 04:58:09,892] - Resmgr::initialize: KBE_RES_PATH=C:/kbengine/kbe/res/;C:/kbengine/web-mobile/;C:/kbengine/web-mobile/scripts/;C:/kbengine/web-mobile/res/
  INFO root [2017-05-15 04:58:09,892] - Resmgr::initialize: KBE_BIN_PATH=C:/kbengine/kbe/bin/server/
  INFO root [2017-05-15 04:58:09,901] - NetworkInterface::recreateListeningSocket(INTERNAL): bound to all interfaces with default route interface on 10.0.75.1 ( 10.0.75.1:30099 )
  INFO root [2017-05-15 04:58:09,902] - NetworkInterface::recreateListeningSocket(INTERNAL): address 10.0.75.1:30099, SOMAXCONN=5.
  INFO root [2017-05-15 04:58:09,906] - ---- interfaces Version: 0.9.12. ScriptVersion: 0.1.0. Protocol: F4697C602095C8BD3C136660102B7FD6. Config: Debug X86. Built: 01:51:30 May  3 2017. AppID: 3000. UID: 54001. PID: 13032 ----
  INFO root [2017-05-15 04:58:09,915] - Server : Intel(R) Core(TM) i5-4460  CPU @ 3.20GHz with 2097151kB RAM
  INFO root [2017-05-15 04:58:09,915] - ThreadPool::createThreadPool: creating  threadpool...
  INFO root [2017-05-15 04:58:09,915] - ThreadPool::createThreadPool: successfully(2), newThreadCount=1, normalMaxThreadCount=2, maxThreadCount=8
 DEBUG root [2017-05-15 04:58:10,045] - Script::install_py_dlls(): PyInit_pyexpat
 DEBUG root [2017-05-15 04:58:10,046] - Script::install_py_dlls(): PyInit__socket
 DEBUG root [2017-05-15 04:58:10,046] - Script::install_py_dlls(): PyInit__hashlib
 DEBUG root [2017-05-15 04:58:10,048] - Script::install_py_dlls(): PyInit_select
 DEBUG root [2017-05-15 04:58:10,048] - Script::install_py_dlls(): PyInit__ctypes
 DEBUG root [2017-05-15 04:58:10,049] - Script::install_py_dlls(): PyInit__elementtree
 DEBUG root [2017-05-15 04:58:10,082] - Script::install_py_dlls(): PyInit_unicodedata
  INFO root [2017-05-15 04:58:10,144] - Script::install(): is successfully, Python=(3.4.2 (default, May  3 2017, 01:51:26) [MSC v.1800 32 bit (Intel)])!
  INFO root [2017-05-15 04:58:10,144] - Script::install(): KBExtra is successfully!
S_INFO root [2017-05-15 04:58:10,154] - onInterfaceAppReady: bootstrapGroupIndex=0, bootstrapGlobalIndex=0
  INFO root [2017-05-15 04:58:10,161] - TelnetServer server is running on port 33000
  INFO root [2017-05-15 04:58:10,402] - ---- interfaces is running ----
 DEBUG root [2017-05-15 04:58:10,403] - Components::process(): Request for the process of identity...
  INFO root [2017-05-15 04:58:17,554] - Components::process(): Found all the components!
S_INFO root [2017-05-15 04:58:29,854] - onRequestAccountLogin: registerName=1
  WARN root [2017-05-15 04:58:43,450] - TCPPacketReceiver::processPendingEvents: Throwing REASON_GENERAL_NETWORK - WSAECONNRESET
  INFO root [2017-05-15 04:59:23,596] - -----------------------------------------------------------------------------------------


  INFO root [2017-05-15 04:59:23,597] - Resmgr::initialize: KBE_ROOT=C:/kbengine/
  INFO root [2017-05-15 04:59:23,597] - Resmgr::initialize: KBE_RES_PATH=C:/kbengine/kbe/res/;C:/kbengine/web-mobile/;C:/kbengine/web-mobile/scripts/;C:/kbengine/web-mobile/res/
  INFO root [2017-05-15 04:59:23,597] - Resmgr::initialize: KBE_BIN_PATH=C:/kbengine/kbe/bin/server/
  INFO root [2017-05-15 04:59:23,607] - NetworkInterface::recreateListeningSocket(INTERNAL): bound to all interfaces with default route interface on 10.0.75.1 ( 10.0.75.1:30099 )
  INFO root [2017-05-15 04:59:23,607] - NetworkInterface::recreateListeningSocket(INTERNAL): address 10.0.75.1:30099, SOMAXCONN=5.
  INFO root [2017-05-15 04:59:23,612] - ---- interfaces Version: 0.9.12. ScriptVersion: 0.1.0. Protocol: F4697C602095C8BD3C136660102B7FD6. Config: Debug X86. Built: 01:51:30 May  3 2017. AppID: 3000. UID: 54001. PID: 2080 ----
  INFO root [2017-05-15 04:59:23,625] - Server : Intel(R) Core(TM) i5-4460  CPU @ 3.20GHz with 2097151kB RAM
  INFO root [2017-05-15 04:59:23,627] - ThreadPool::createThreadPool: creating  threadpool...
  INFO root [2017-05-15 04:59:23,628] - ThreadPool::createThreadPool: successfully(2), newThreadCount=1, normalMaxThreadCount=2, maxThreadCount=8
 DEBUG root [2017-05-15 04:59:23,831] - Script::install_py_dlls(): PyInit_pyexpat
 DEBUG root [2017-05-15 04:59:23,832] - Script::install_py_dlls(): PyInit__socket
 DEBUG root [2017-05-15 04:59:23,832] - Script::install_py_dlls(): PyInit__hashlib
 DEBUG root [2017-05-15 04:59:23,834] - Script::install_py_dlls(): PyInit_select
 DEBUG root [2017-05-15 04:59:23,835] - Script::install_py_dlls(): PyInit__ctypes
 DEBUG root [2017-05-15 04:59:23,836] - Script::install_py_dlls(): PyInit__elementtree
 DEBUG root [2017-05-15 04:59:23,875] - Script::install_py_dlls(): PyInit_unicodedata
  INFO root [2017-05-15 04:59:23,920] - Script::install(): is successfully, Python=(3.4.2 (default, May  3 2017, 01:51:26) [MSC v.1800 32 bit (Intel)])!
  INFO root [2017-05-15 04:59:23,920] - Script::install(): KBExtra is successfully!
S_INFO root [2017-05-15 04:59:23,929] - onInterfaceAppReady: bootstrapGroupIndex=0, bootstrapGlobalIndex=0
  INFO root [2017-05-15 04:59:23,939] - TelnetServer server is running on port 33000
  INFO root [2017-05-15 04:59:24,196] - ---- interfaces is running ----
 DEBUG root [2017-05-15 04:59:24,196] - Components::process(): Request for the process of identity...
  INFO root [2017-05-15 04:59:31,330] - Components::process(): Found all the components!
S_INFO root [2017-05-15 04:59:45,030] - onRequestAccountLogin: registerName=1
  WARN root [2017-05-15 05:01:27,814] - TCPPacketReceiver::processPendingEvents: Throwing REASON_GENERAL_NETWORK - WSAECONNRESET
  INFO root [2017-05-15 05:01:31,934] - -----------------------------------------------------------------------------------------


  INFO root [2017-05-15 05:01:31,934] - Resmgr::initialize: KBE_ROOT=C:/kbengine/
  INFO root [2017-05-15 05:01:31,935] - Resmgr::initialize: KBE_RES_PATH=C:/kbengine/kbe/res/;C:/kbengine/web-mobile/;C:/kbengine/web-mobile/scripts/;C:/kbengine/web-mobile/res/
  INFO root [2017-05-15 05:01:31,935] - Resmgr::initialize: KBE_BIN_PATH=C:/kbengine/kbe/bin/server/
  INFO root [2017-05-15 05:01:31,937] - NetworkInterface::recreateListeningSocket(INTERNAL): bound to all interfaces with default route interface on 10.0.75.1 ( 10.0.75.1:30099 )
  INFO root [2017-05-15 05:01:31,938] - NetworkInterface::recreateListeningSocket(INTERNAL): address 10.0.75.1:30099, SOMAXCONN=5.
  INFO root [2017-05-15 05:01:31,953] - ---- interfaces Version: 0.9.12. ScriptVersion: 0.1.0. Protocol: F4697C602095C8BD3C136660102B7FD6. Config: Debug X86. Built: 01:51:30 May  3 2017. AppID: 3000. UID: 54001. PID: 12988 ----
  INFO root [2017-05-15 05:01:31,967] - Server : Intel(R) Core(TM) i5-4460  CPU @ 3.20GHz with 2097151kB RAM
  INFO root [2017-05-15 05:01:31,967] - ThreadPool::createThreadPool: creating  threadpool...
  INFO root [2017-05-15 05:01:31,967] - ThreadPool::createThreadPool: successfully(2), newThreadCount=1, normalMaxThreadCount=2, maxThreadCount=8
 DEBUG root [2017-05-15 05:01:32,102] - Script::install_py_dlls(): PyInit_pyexpat
 DEBUG root [2017-05-15 05:01:32,103] - Script::install_py_dlls(): PyInit__socket
 DEBUG root [2017-05-15 05:01:32,104] - Script::install_py_dlls(): PyInit__hashlib
 DEBUG root [2017-05-15 05:01:32,105] - Script::install_py_dlls(): PyInit_select
 DEBUG root [2017-05-15 05:01:32,105] - Script::install_py_dlls(): PyInit__ctypes
 DEBUG root [2017-05-15 05:01:32,106] - Script::install_py_dlls(): PyInit__elementtree
 DEBUG root [2017-05-15 05:01:32,149] - Script::install_py_dlls(): PyInit_unicodedata
  INFO root [2017-05-15 05:01:32,194] - Script::install(): is successfully, Python=(3.4.2 (default, May  3 2017, 01:51:26) [MSC v.1800 32 bit (Intel)])!
  INFO root [2017-05-15 05:01:32,194] - Script::install(): KBExtra is successfully!
S_INFO root [2017-05-15 05:01:32,207] - onInterfaceAppReady: bootstrapGroupIndex=0, bootstrapGlobalIndex=0
  INFO root [2017-05-15 05:01:32,220] - TelnetServer server is running on port 33000
  INFO root [2017-05-15 05:01:32,485] - ---- interfaces is running ----
 DEBUG root [2017-05-15 05:01:32,486] - Components::process(): Request for the process of identity...
  INFO root [2017-05-15 05:01:39,635] - Components::process(): Found all the components!
S_INFO root [2017-05-15 05:01:52,907] - onRequestAccountLogin: registerName=1
  WARN root [2017-05-15 05:03:59,367] - TCPPacketReceiver::processPendingEvents: Throwing REASON_GENERAL_NETWORK - WSAECONNRESET
  INFO root [2017-05-15 05:04:34,025] - -----------------------------------------------------------------------------------------


  INFO root [2017-05-15 05:04:34,026] - Resmgr::initialize: KBE_ROOT=C:/kbengine/
  INFO root [2017-05-15 05:04:34,026] - Resmgr::initialize: KBE_RES_PATH=C:/kbengine/kbe/res/;C:/kbengine/web-mobile/;C:/kbengine/web-mobile/scripts/;C:/kbengine/web-mobile/res/
  INFO root [2017-05-15 05:04:34,026] - Resmgr::initialize: KBE_BIN_PATH=C:/kbengine/kbe/bin/server/
  INFO root [2017-05-15 05:04:34,043] - NetworkInterface::recreateListeningSocket(INTERNAL): bound to all interfaces with default route interface on 10.0.75.1 ( 10.0.75.1:30099 )
  INFO root [2017-05-15 05:04:34,043] - NetworkInterface::recreateListeningSocket(INTERNAL): address 10.0.75.1:30099, SOMAXCONN=5.
  INFO root [2017-05-15 05:04:34,057] - ---- interfaces Version: 0.9.12. ScriptVersion: 0.1.0. Protocol: F4697C602095C8BD3C136660102B7FD6. Config: Debug X86. Built: 01:51:30 May  3 2017. AppID: 3000. UID: 54001. PID: 7708 ----
  INFO root [2017-05-15 05:04:34,071] - Server : Intel(R) Core(TM) i5-4460  CPU @ 3.20GHz with 2097151kB RAM
  INFO root [2017-05-15 05:04:34,072] - ThreadPool::createThreadPool: creating  threadpool...
  INFO root [2017-05-15 05:04:34,073] - ThreadPool::createThreadPool: successfully(2), newThreadCount=1, normalMaxThreadCount=2, maxThreadCount=8
 DEBUG root [2017-05-15 05:04:34,210] - Script::install_py_dlls(): PyInit_pyexpat
 DEBUG root [2017-05-15 05:04:34,210] - Script::install_py_dlls(): PyInit__socket
 DEBUG root [2017-05-15 05:04:34,211] - Script::install_py_dlls(): PyInit__hashlib
 DEBUG root [2017-05-15 05:04:34,213] - Script::install_py_dlls(): PyInit_select
 DEBUG root [2017-05-15 05:04:34,213] - Script::install_py_dlls(): PyInit__ctypes
 DEBUG root [2017-05-15 05:04:34,213] - Script::install_py_dlls(): PyInit__elementtree
 DEBUG root [2017-05-15 05:04:34,253] - Script::install_py_dlls(): PyInit_unicodedata
  INFO root [2017-05-15 05:04:34,297] - Script::install(): is successfully, Python=(3.4.2 (default, May  3 2017, 01:51:26) [MSC v.1800 32 bit (Intel)])!
  INFO root [2017-05-15 05:04:34,298] - Script::install(): KBExtra is successfully!
S_INFO root [2017-05-15 05:04:34,309] - onInterfaceAppReady: bootstrapGroupIndex=0, bootstrapGlobalIndex=0
  INFO root [2017-05-15 05:04:34,318] - TelnetServer server is running on port 33000
  INFO root [2017-05-15 05:04:34,572] - ---- interfaces is running ----
 DEBUG root [2017-05-15 05:04:34,573] - Components::process(): Request for the process of identity...
  INFO root [2017-05-15 05:04:41,741] - Components::process(): Found all the components!
S_INFO root [2017-05-15 05:04:58,609] - onRequestAccountLogin: registerName=1
  WARN root [2017-05-15 05:07:01,721] - TCPPacketReceiver::processPendingEvents: Throwing REASON_GENERAL_NETWORK - WSAECONNRESET
  INFO root [2017-05-15 05:07:05,723] - -----------------------------------------------------------------------------------------


  INFO root [2017-05-15 05:07:05,724] - Resmgr::initialize: KBE_ROOT=C:/kbengine/
  INFO root [2017-05-15 05:07:05,724] - Resmgr::initialize: KBE_RES_PATH=C:/kbengine/kbe/res/;C:/kbengine/web-mobile/;C:/kbengine/web-mobile/scripts/;C:/kbengine/web-mobile/res/
  INFO root [2017-05-15 05:07:05,724] - Resmgr::initialize: KBE_BIN_PATH=C:/kbengine/kbe/bin/server/
  INFO root [2017-05-15 05:07:05,726] - NetworkInterface::recreateListeningSocket(INTERNAL): bound to all interfaces with default route interface on 10.0.75.1 ( 10.0.75.1:30099 )
  INFO root [2017-05-15 05:07:05,727] - NetworkInterface::recreateListeningSocket(INTERNAL): address 10.0.75.1:30099, SOMAXCONN=5.
  INFO root [2017-05-15 05:07:05,732] - ---- interfaces Version: 0.9.12. ScriptVersion: 0.1.0. Protocol: F4697C602095C8BD3C136660102B7FD6. Config: Debug X86. Built: 01:51:30 May  3 2017. AppID: 3000. UID: 54001. PID: 1364 ----
  INFO root [2017-05-15 05:07:05,735] - Server : Intel(R) Core(TM) i5-4460  CPU @ 3.20GHz with 2097151kB RAM
  INFO root [2017-05-15 05:07:05,735] - ThreadPool::createThreadPool: creating  threadpool...
  INFO root [2017-05-15 05:07:05,735] - ThreadPool::createThreadPool: successfully(2), newThreadCount=1, normalMaxThreadCount=2, maxThreadCount=8
 DEBUG root [2017-05-15 05:07:05,894] - Script::install_py_dlls(): PyInit_pyexpat
 DEBUG root [2017-05-15 05:07:05,896] - Script::install_py_dlls(): PyInit__socket
 DEBUG root [2017-05-15 05:07:05,898] - Script::install_py_dlls(): PyInit__hashlib
 DEBUG root [2017-05-15 05:07:05,900] - Script::install_py_dlls(): PyInit_select
 DEBUG root [2017-05-15 05:07:05,901] - Script::install_py_dlls(): PyInit__ctypes
 DEBUG root [2017-05-15 05:07:05,901] - Script::install_py_dlls(): PyInit__elementtree
 DEBUG root [2017-05-15 05:07:05,938] - Script::install_py_dlls(): PyInit_unicodedata
  INFO root [2017-05-15 05:07:05,975] - Script::install(): is successfully, Python=(3.4.2 (default, May  3 2017, 01:51:26) [MSC v.1800 32 bit (Intel)])!
  INFO root [2017-05-15 05:07:05,976] - Script::install(): KBExtra is successfully!
S_INFO root [2017-05-15 05:07:06,027] - onInterfaceAppReady: bootstrapGroupIndex=0, bootstrapGlobalIndex=0
  INFO root [2017-05-15 05:07:06,034] - TelnetServer server is running on port 33000
  INFO root [2017-05-15 05:07:06,326] - ---- interfaces is running ----
 DEBUG root [2017-05-15 05:07:06,326] - Components::process(): Request for the process of identity...
  INFO root [2017-05-15 05:07:13,523] - Components::process(): Found all the components!
S_INFO root [2017-05-15 05:07:34,723] - onRequestAccountLogin: registerName=1
  WARN root [2017-05-15 05:10:11,930] - TCPPacketReceiver::processPendingEvents: Throwing REASON_GENERAL_NETWORK - WSAECONNRESET
  INFO root [2017-05-15 05:10:15,778] - -----------------------------------------------------------------------------------------


  INFO root [2017-05-15 05:10:15,779] - Resmgr::initialize: KBE_ROOT=C:/kbengine/
  INFO root [2017-05-15 05:10:15,780] - Resmgr::initialize: KBE_RES_PATH=C:/kbengine/kbe/res/;C:/kbengine/web-mobile/;C:/kbengine/web-mobile/scripts/;C:/kbengine/web-mobile/res/
  INFO root [2017-05-15 05:10:15,780] - Resmgr::initialize: KBE_BIN_PATH=C:/kbengine/kbe/bin/server/
  INFO root [2017-05-15 05:10:15,782] - NetworkInterface::recreateListeningSocket(INTERNAL): bound to all interfaces with default route interface on 10.0.75.1 ( 10.0.75.1:30099 )
  INFO root [2017-05-15 05:10:15,782] - NetworkInterface::recreateListeningSocket(INTERNAL): address 10.0.75.1:30099, SOMAXCONN=5.
  INFO root [2017-05-15 05:10:15,786] - ---- interfaces Version: 0.9.12. ScriptVersion: 0.1.0. Protocol: F4697C602095C8BD3C136660102B7FD6. Config: Debug X86. Built: 01:51:30 May  3 2017. AppID: 3000. UID: 54001. PID: 12284 ----
  INFO root [2017-05-15 05:10:15,786] - Server : Intel(R) Core(TM) i5-4460  CPU @ 3.20GHz with 2097151kB RAM
  INFO root [2017-05-15 05:10:15,787] - ThreadPool::createThreadPool: creating  threadpool...
  INFO root [2017-05-15 05:10:15,787] - ThreadPool::createThreadPool: successfully(2), newThreadCount=1, normalMaxThreadCount=2, maxThreadCount=8
 DEBUG root [2017-05-15 05:10:15,947] - Script::install_py_dlls(): PyInit_pyexpat
 DEBUG root [2017-05-15 05:10:15,947] - Script::install_py_dlls(): PyInit__socket
 DEBUG root [2017-05-15 05:10:15,948] - Script::install_py_dlls(): PyInit__hashlib
 DEBUG root [2017-05-15 05:10:15,949] - Script::install_py_dlls(): PyInit_select
 DEBUG root [2017-05-15 05:10:15,950] - Script::install_py_dlls(): PyInit__ctypes
 DEBUG root [2017-05-15 05:10:15,950] - Script::install_py_dlls(): PyInit__elementtree
 DEBUG root [2017-05-15 05:10:15,994] - Script::install_py_dlls(): PyInit_unicodedata
  INFO root [2017-05-15 05:10:16,051] - Script::install(): is successfully, Python=(3.4.2 (default, May  3 2017, 01:51:26) [MSC v.1800 32 bit (Intel)])!
  INFO root [2017-05-15 05:10:16,051] - Script::install(): KBExtra is successfully!
S_INFO root [2017-05-15 05:10:16,062] - onInterfaceAppReady: bootstrapGroupIndex=0, bootstrapGlobalIndex=0
  INFO root [2017-05-15 05:10:16,070] - TelnetServer server is running on port 33000
  INFO root [2017-05-15 05:10:16,344] - ---- interfaces is running ----
 DEBUG root [2017-05-15 05:10:16,345] - Components::process(): Request for the process of identity...
  INFO root [2017-05-15 05:10:23,480] - Components::process(): Found all the components!
S_INFO root [2017-05-15 05:10:49,163] - onRequestAccountLogin: registerName=1
  WARN root [2017-05-15 05:11:38,329] - TCPPacketReceiver::processPendingEvents: Throwing REASON_GENERAL_NETWORK - WSAECONNRESET
  INFO root [2017-05-15 05:11:42,559] - -----------------------------------------------------------------------------------------


  INFO root [2017-05-15 05:11:42,559] - Resmgr::initialize: KBE_ROOT=C:/kbengine/
  INFO root [2017-05-15 05:11:42,559] - Resmgr::initialize: KBE_RES_PATH=C:/kbengine/kbe/res/;C:/kbengine/web-mobile/;C:/kbengine/web-mobile/scripts/;C:/kbengine/web-mobile/res/
  INFO root [2017-05-15 05:11:42,560] - Resmgr::initialize: KBE_BIN_PATH=C:/kbengine/kbe/bin/server/
  INFO root [2017-05-15 05:11:42,562] - NetworkInterface::recreateListeningSocket(INTERNAL): bound to all interfaces with default route interface on 10.0.75.1 ( 10.0.75.1:30099 )
  INFO root [2017-05-15 05:11:42,562] - NetworkInterface::recreateListeningSocket(INTERNAL): address 10.0.75.1:30099, SOMAXCONN=5.
  INFO root [2017-05-15 05:11:42,571] - ---- interfaces Version: 0.9.12. ScriptVersion: 0.1.0. Protocol: F4697C602095C8BD3C136660102B7FD6. Config: Debug X86. Built: 01:51:30 May  3 2017. AppID: 3000. UID: 54001. PID: 5212 ----
  INFO root [2017-05-15 05:11:42,573] - Server : Intel(R) Core(TM) i5-4460  CPU @ 3.20GHz with 2097151kB RAM
  INFO root [2017-05-15 05:11:42,573] - ThreadPool::createThreadPool: creating  threadpool...
  INFO root [2017-05-15 05:11:42,574] - ThreadPool::createThreadPool: successfully(2), newThreadCount=1, normalMaxThreadCount=2, maxThreadCount=8
 DEBUG root [2017-05-15 05:11:42,709] - Script::install_py_dlls(): PyInit_pyexpat
 DEBUG root [2017-05-15 05:11:42,709] - Script::install_py_dlls(): PyInit__socket
 DEBUG root [2017-05-15 05:11:42,710] - Script::install_py_dlls(): PyInit__hashlib
 DEBUG root [2017-05-15 05:11:42,711] - Script::install_py_dlls(): PyInit_select
 DEBUG root [2017-05-15 05:11:42,712] - Script::install_py_dlls(): PyInit__ctypes
 DEBUG root [2017-05-15 05:11:42,712] - Script::install_py_dlls(): PyInit__elementtree
 DEBUG root [2017-05-15 05:11:42,755] - Script::install_py_dlls(): PyInit_unicodedata
  INFO root [2017-05-15 05:11:42,797] - Script::install(): is successfully, Python=(3.4.2 (default, May  3 2017, 01:51:26) [MSC v.1800 32 bit (Intel)])!
  INFO root [2017-05-15 05:11:42,797] - Script::install(): KBExtra is successfully!
S_INFO root [2017-05-15 05:11:42,808] - onInterfaceAppReady: bootstrapGroupIndex=0, bootstrapGlobalIndex=0
  INFO root [2017-05-15 05:11:42,817] - TelnetServer server is running on port 33000
  INFO root [2017-05-15 05:11:43,137] - ---- interfaces is running ----
 DEBUG root [2017-05-15 05:11:43,137] - Components::process(): Request for the process of identity...
  INFO root [2017-05-15 05:11:50,309] - Components::process(): Found all the components!
S_INFO root [2017-05-15 05:12:20,808] - onRequestAccountLogin: registerName=1
  WARN root [2017-05-15 05:13:59,440] - TCPPacketReceiver::processPendingEvents: Throwing REASON_GENERAL_NETWORK - WSAECONNRESET
  INFO root [2017-05-15 05:14:03,022] - -----------------------------------------------------------------------------------------


  INFO root [2017-05-15 05:14:03,023] - Resmgr::initialize: KBE_ROOT=C:/kbengine/
  INFO root [2017-05-15 05:14:03,023] - Resmgr::initialize: KBE_RES_PATH=C:/kbengine/kbe/res/;C:/kbengine/web-mobile/;C:/kbengine/web-mobile/scripts/;C:/kbengine/web-mobile/res/
  INFO root [2017-05-15 05:14:03,023] - Resmgr::initialize: KBE_BIN_PATH=C:/kbengine/kbe/bin/server/
  INFO root [2017-05-15 05:14:03,040] - NetworkInterface::recreateListeningSocket(INTERNAL): bound to all interfaces with default route interface on 10.0.75.1 ( 10.0.75.1:30099 )
  INFO root [2017-05-15 05:14:03,041] - NetworkInterface::recreateListeningSocket(INTERNAL): address 10.0.75.1:30099, SOMAXCONN=5.
  INFO root [2017-05-15 05:14:03,056] - ---- interfaces Version: 0.9.12. ScriptVersion: 0.1.0. Protocol: F4697C602095C8BD3C136660102B7FD6. Config: Debug X86. Built: 01:51:30 May  3 2017. AppID: 3000. UID: 54001. PID: 10924 ----
  INFO root [2017-05-15 05:14:03,056] - Server : Intel(R) Core(TM) i5-4460  CPU @ 3.20GHz with 2097151kB RAM
  INFO root [2017-05-15 05:14:03,056] - ThreadPool::createThreadPool: creating  threadpool...
  INFO root [2017-05-15 05:14:03,056] - ThreadPool::createThreadPool: successfully(2), newThreadCount=1, normalMaxThreadCount=2, maxThreadCount=8
 DEBUG root [2017-05-15 05:14:03,188] - Script::install_py_dlls(): PyInit_pyexpat
 DEBUG root [2017-05-15 05:14:03,189] - Script::install_py_dlls(): PyInit__socket
 DEBUG root [2017-05-15 05:14:03,189] - Script::install_py_dlls(): PyInit__hashlib
 DEBUG root [2017-05-15 05:14:03,191] - Script::install_py_dlls(): PyInit_select
 DEBUG root [2017-05-15 05:14:03,191] - Script::install_py_dlls(): PyInit__ctypes
 DEBUG root [2017-05-15 05:14:03,192] - Script::install_py_dlls(): PyInit__elementtree
 DEBUG root [2017-05-15 05:14:03,232] - Script::install_py_dlls(): PyInit_unicodedata
  INFO root [2017-05-15 05:14:03,273] - Script::install(): is successfully, Python=(3.4.2 (default, May  3 2017, 01:51:26) [MSC v.1800 32 bit (Intel)])!
  INFO root [2017-05-15 05:14:03,273] - Script::install(): KBExtra is successfully!
S_INFO root [2017-05-15 05:14:03,284] - onInterfaceAppReady: bootstrapGroupIndex=0, bootstrapGlobalIndex=0
  INFO root [2017-05-15 05:14:03,292] - TelnetServer server is running on port 33000
  INFO root [2017-05-15 05:14:03,546] - ---- interfaces is running ----
 DEBUG root [2017-05-15 05:14:03,546] - Components::process(): Request for the process of identity...
  INFO root [2017-05-15 05:14:10,739] - Components::process(): Found all the components!
S_INFO root [2017-05-15 05:14:22,785] - onRequestAccountLogin: registerName=1
  WARN root [2017-05-15 05:17:52,311] - TCPPacketReceiver::processPendingEvents: Throwing REASON_GENERAL_NETWORK - WSAECONNRESET
  INFO root [2017-05-15 05:17:56,487] - -----------------------------------------------------------------------------------------


  INFO root [2017-05-15 05:17:56,488] - Resmgr::initialize: KBE_ROOT=C:/kbengine/
  INFO root [2017-05-15 05:17:56,488] - Resmgr::initialize: KBE_RES_PATH=C:/kbengine/kbe/res/;C:/kbengine/web-mobile/;C:/kbengine/web-mobile/scripts/;C:/kbengine/web-mobile/res/
  INFO root [2017-05-15 05:17:56,493] - Resmgr::initialize: KBE_BIN_PATH=C:/kbengine/kbe/bin/server/
  INFO root [2017-05-15 05:17:56,497] - NetworkInterface::recreateListeningSocket(INTERNAL): bound to all interfaces with default route interface on 10.0.75.1 ( 10.0.75.1:30099 )
  INFO root [2017-05-15 05:17:56,498] - NetworkInterface::recreateListeningSocket(INTERNAL): address 10.0.75.1:30099, SOMAXCONN=5.
  INFO root [2017-05-15 05:17:56,507] - ---- interfaces Version: 0.9.12. ScriptVersion: 0.1.0. Protocol: F4697C602095C8BD3C136660102B7FD6. Config: Debug X86. Built: 01:51:30 May  3 2017. AppID: 3000. UID: 54001. PID: 1004 ----
  INFO root [2017-05-15 05:17:56,510] - Server : Intel(R) Core(TM) i5-4460  CPU @ 3.20GHz with 2097151kB RAM
  INFO root [2017-05-15 05:17:56,510] - ThreadPool::createThreadPool: creating  threadpool...
  INFO root [2017-05-15 05:17:56,510] - ThreadPool::createThreadPool: successfully(2), newThreadCount=1, normalMaxThreadCount=2, maxThreadCount=8
 DEBUG root [2017-05-15 05:17:56,678] - Script::install_py_dlls(): PyInit_pyexpat
 DEBUG root [2017-05-15 05:17:56,679] - Script::install_py_dlls(): PyInit__socket
 DEBUG root [2017-05-15 05:17:56,679] - Script::install_py_dlls(): PyInit__hashlib
 DEBUG root [2017-05-15 05:17:56,681] - Script::install_py_dlls(): PyInit_select
 DEBUG root [2017-05-15 05:17:56,681] - Script::install_py_dlls(): PyInit__ctypes
 DEBUG root [2017-05-15 05:17:56,685] - Script::install_py_dlls(): PyInit__elementtree
 DEBUG root [2017-05-15 05:17:56,722] - Script::install_py_dlls(): PyInit_unicodedata
  INFO root [2017-05-15 05:17:56,761] - Script::install(): is successfully, Python=(3.4.2 (default, May  3 2017, 01:51:26) [MSC v.1800 32 bit (Intel)])!
  INFO root [2017-05-15 05:17:56,761] - Script::install(): KBExtra is successfully!
S_INFO root [2017-05-15 05:17:56,777] - onInterfaceAppReady: bootstrapGroupIndex=0, bootstrapGlobalIndex=0
  INFO root [2017-05-15 05:17:56,788] - TelnetServer server is running on port 33000
  INFO root [2017-05-15 05:17:57,044] - ---- interfaces is running ----
 DEBUG root [2017-05-15 05:17:57,045] - Components::process(): Request for the process of identity...
  WARN root [2017-05-15 05:17:57,373] - BundleBroadcast::BundleBroadcast: Cannot bind to port 20086, errorno=10048
  INFO root [2017-05-15 05:18:01,496] - Components::process(): Found all the components!
S_INFO root [2017-05-15 05:18:19,977] - onRequestAccountLogin: registerName=1
  WARN root [2017-05-15 05:19:31,556] - TCPPacketReceiver::processPendingEvents: Throwing REASON_GENERAL_NETWORK - WSAECONNRESET
  INFO root [2017-05-15 05:21:04,748] - -----------------------------------------------------------------------------------------


  INFO root [2017-05-15 05:21:04,751] - Resmgr::initialize: KBE_ROOT=C:/kbengine/
  INFO root [2017-05-15 05:21:04,751] - Resmgr::initialize: KBE_RES_PATH=C:/kbengine/kbe/res/;C:/kbengine/web-mobile/;C:/kbengine/web-mobile/scripts/;C:/kbengine/web-mobile/res/
  INFO root [2017-05-15 05:21:04,751] - Resmgr::initialize: KBE_BIN_PATH=C:/kbengine/kbe/bin/server/
  INFO root [2017-05-15 05:21:04,754] - NetworkInterface::recreateListeningSocket(INTERNAL): bound to all interfaces with default route interface on 10.0.75.1 ( 10.0.75.1:30099 )
  INFO root [2017-05-15 05:21:04,754] - NetworkInterface::recreateListeningSocket(INTERNAL): address 10.0.75.1:30099, SOMAXCONN=5.
  INFO root [2017-05-15 05:21:04,760] - ---- interfaces Version: 0.9.12. ScriptVersion: 0.1.0. Protocol: F4697C602095C8BD3C136660102B7FD6. Config: Debug X86. Built: 01:51:30 May  3 2017. AppID: 3000. UID: 54001. PID: 2344 ----
  INFO root [2017-05-15 05:21:04,763] - Server : Intel(R) Core(TM) i5-4460  CPU @ 3.20GHz with 2097151kB RAM
  INFO root [2017-05-15 05:21:04,764] - ThreadPool::createThreadPool: creating  threadpool...
  INFO root [2017-05-15 05:21:04,764] - ThreadPool::createThreadPool: successfully(2), newThreadCount=1, normalMaxThreadCount=2, maxThreadCount=8
 DEBUG root [2017-05-15 05:21:04,987] - Script::install_py_dlls(): PyInit_pyexpat
 DEBUG root [2017-05-15 05:21:04,987] - Script::install_py_dlls(): PyInit__socket
 DEBUG root [2017-05-15 05:21:04,987] - Script::install_py_dlls(): PyInit__hashlib
 DEBUG root [2017-05-15 05:21:04,989] - Script::install_py_dlls(): PyInit_select
 DEBUG root [2017-05-15 05:21:04,989] - Script::install_py_dlls(): PyInit__ctypes
 DEBUG root [2017-05-15 05:21:04,990] - Script::install_py_dlls(): PyInit__elementtree
 DEBUG root [2017-05-15 05:21:05,094] - Script::install_py_dlls(): PyInit_unicodedata
  INFO root [2017-05-15 05:21:05,153] - Script::install(): is successfully, Python=(3.4.2 (default, May  3 2017, 01:51:26) [MSC v.1800 32 bit (Intel)])!
  INFO root [2017-05-15 05:21:05,153] - Script::install(): KBExtra is successfully!
S_INFO root [2017-05-15 05:21:05,169] - onInterfaceAppReady: bootstrapGroupIndex=0, bootstrapGlobalIndex=0
  INFO root [2017-05-15 05:21:05,180] - TelnetServer server is running on port 33000
  INFO root [2017-05-15 05:21:05,520] - ---- interfaces is running ----
 DEBUG root [2017-05-15 05:21:05,520] - Components::process(): Request for the process of identity...
  INFO root [2017-05-15 05:21:12,769] - Components::process(): Found all the components!
S_INFO root [2017-05-15 05:21:26,269] - onRequestAccountLogin: registerName=1
  WARN root [2017-05-15 05:23:33,684] - TCPPacketReceiver::processPendingEvents: Throwing REASON_GENERAL_NETWORK - WSAECONNRESET
