   DEBUG      dbmgr-1 54001 4000  [2017-05-20 00:00:09 798] - Dbmgr::writeEntity: Account(2).
   DEBUG      dbmgr-1 54001 4000  [2017-05-20 00:00:57 776] - Dbmgr::writeEntity: Account(2).
   DEBUG      dbmgr-1 54001 4000  [2017-05-20 00:00:57 996] - Dbmgr::writeEntity: Account(2).
   DEBUG      dbmgr-1 54001 4000  [2017-05-20 00:00:58 076] - Dbmgr::writeEntity: Account(2).
   DEBUG      dbmgr-1 54001 4000  [2017-05-20 00:00:58 576] - Dbmgr::writeEntity: Account(2).
   DEBUG      dbmgr-1 54001 4000  [2017-05-20 00:00:58 776] - Dbmgr::writeEntity: Account(2).
   DEBUG      dbmgr-1 54001 4000  [2017-05-20 00:00:59 196] - Dbmgr::writeEntity: Account(2).
   DEBUG      dbmgr-1 54001 4000  [2017-05-20 00:00:59 276] - Dbmgr::writeEntity: Account(2).
   DEBUG      dbmgr-1 54001 4000  [2017-05-20 00:01:00 276] - Dbmgr::writeEntity: Account(2).
   DEBUG      dbmgr-1 54001 4000  [2017-05-20 00:01:00 277] - Dbmgr::writeEntity: Account(2).
 WARNING      dbmgr-1 54001 4000  [2017-05-20 00:01:00 265] - DBTransaction::commit(): took 0.71 seconds
    INFO      dbmgr-1 54001 4000  [2017-05-20 00:01:00 265] - Buffered_DBTasks::onFiniTask: Playing buffered task for entityID=1, dbid=2, dbid_tasks_size=1, entityid_tasks_size=0.
   DEBUG      dbmgr-1 54001 4000  [2017-05-20 00:01:01 636] - Dbmgr::writeEntity: Account(2).
   DEBUG      dbmgr-1 54001 4000  [2017-05-20 00:01:01 637] - Dbmgr::writeEntity: Account(2).
 WARNING      dbmgr-1 54001 4000  [2017-05-20 00:01:01 623] - DBTransaction::commit(): took 0.96 seconds
    INFO      dbmgr-1 54001 4000  [2017-05-20 00:01:01 623] - Buffered_DBTasks::onFiniTask: Playing buffered task for entityID=1, dbid=2, dbid_tasks_size=1, entityid_tasks_size=0.
   DEBUG      dbmgr-1 54001 4000  [2017-05-20 00:01:02 396] - Dbmgr::writeEntity: Account(2).
   DEBUG      dbmgr-1 54001 4000  [2017-05-20 00:01:03 536] - Dbmgr::writeEntity: Account(2).
 WARNING      dbmgr-1 54001 4000  [2017-05-20 00:01:03 524] - DBTransaction::commit(): took 0.47 seconds
   DEBUG      dbmgr-1 54001 4000  [2017-05-20 00:01:03 696] - Dbmgr::writeEntity: Account(2).
   DEBUG      dbmgr-1 54001 4000  [2017-05-20 00:01:04 296] - Dbmgr::writeEntity: Account(2).
   DEBUG      dbmgr-1 54001 4000  [2017-05-20 00:01:05 176] - Dbmgr::writeEntity: Account(2).
   DEBUG      dbmgr-1 54001 4000  [2017-05-20 00:01:06 376] - Dbmgr::writeEntity: Account(2).
   DEBUG      dbmgr-1 54001 4000  [2017-05-20 00:01:08 536] - Dbmgr::writeEntity: Account(2).
 WARNING      dbmgr-1 54001 4000  [2017-05-20 00:01:08 519] - DBTask::process(): took 0.36 seconds
sql:(update tbl_Account set sm_appleNum=0,sm_barNum=0,sm_bellNum=4,sm_betPaid=0,sm_memberType=0,sm_money=1260,sm_orangeNum=4,sm_sevenNum=4,sm_snakemelonNum=4,sm_starNum=2,sm_watermelonNum=3,sm_winScore=100 where id=2)
   DEBUG      dbmgr-1 54001 4000  [2017-05-20 00:01:09 076] - Dbmgr::writeEntity: Account(2).
   DEBUG      dbmgr-1 54001 4000  [2017-05-20 00:01:12 075] - Dbmgr::writeEntity: Account(2).
   DEBUG      dbmgr-1 54001 4000  [2017-05-20 00:01:13 836] - Dbmgr::writeEntity: Account(2).
   DEBUG      dbmgr-1 54001 4000  [2017-05-20 00:01:13 836] - Dbmgr::writeEntity: Account(2).
   DEBUG      dbmgr-1 54001 4000  [2017-05-20 00:01:13 876] - Dbmgr::writeEntity: Account(2).
 WARNING      dbmgr-1 54001 4000  [2017-05-20 00:01:13 831] - DBTransaction::commit(): took 0.67 seconds
    INFO      dbmgr-1 54001 4000  [2017-05-20 00:01:13 831] - Buffered_DBTasks::onFiniTask: Playing buffered task for entityID=1, dbid=2, dbid_tasks_size=1, entityid_tasks_size=0.
   DEBUG      dbmgr-1 54001 4000  [2017-05-20 00:01:13 976] - Dbmgr::writeEntity: Account(2).
   DEBUG      dbmgr-1 54001 4000  [2017-05-20 00:01:14 176] - Dbmgr::writeEntity: Account(2).
   DEBUG      dbmgr-1 54001 4000  [2017-05-20 00:01:14 275] - Dbmgr::writeEntity: Account(2).
   DEBUG      dbmgr-1 54001 4000  [2017-05-20 00:01:14 476] - Dbmgr::writeEntity: Account(2).
   DEBUG      dbmgr-1 54001 4000  [2017-05-20 00:01:14 676] - Dbmgr::writeEntity: Account(2).
   DEBUG      dbmgr-1 54001 4000  [2017-05-20 00:01:15 176] - Dbmgr::writeEntity: Account(2).
   DEBUG      dbmgr-1 54001 4000  [2017-05-20 00:01:15 275] - Dbmgr::writeEntity: Account(2).
   DEBUG      dbmgr-1 54001 4000  [2017-05-20 00:01:15 476] - Dbmgr::writeEntity: Account(2).
   DEBUG      dbmgr-1 54001 4000  [2017-05-20 00:01:15 575] - Dbmgr::writeEntity: Account(2).
   DEBUG      dbmgr-1 54001 4000  [2017-05-20 00:01:15 676] - Dbmgr::writeEntity: Account(2).
   DEBUG      dbmgr-1 54001 4000  [2017-05-20 00:01:15 876] - Dbmgr::writeEntity: Account(2).
   DEBUG      dbmgr-1 54001 4000  [2017-05-20 00:01:15 976] - Dbmgr::writeEntity: Account(2).
   DEBUG      dbmgr-1 54001 4000  [2017-05-20 00:01:16 075] - Dbmgr::writeEntity: Account(2).
   DEBUG      dbmgr-1 54001 4000  [2017-05-20 00:01:16 376] - Dbmgr::writeEntity: Account(2).
   DEBUG      dbmgr-1 54001 4000  [2017-05-20 00:01:16 476] - Dbmgr::writeEntity: Account(2).
   DEBUG      dbmgr-1 54001 4000  [2017-05-20 00:01:16 675] - Dbmgr::writeEntity: Account(2).
   DEBUG      dbmgr-1 54001 4000  [2017-05-20 00:01:16 776] - Dbmgr::writeEntity: Account(2).
   DEBUG      dbmgr-1 54001 4000  [2017-05-20 00:01:16 875] - Dbmgr::writeEntity: Account(2).
   DEBUG      dbmgr-1 54001 4000  [2017-05-20 00:01:17 076] - Dbmgr::writeEntity: Account(2).
   DEBUG      dbmgr-1 54001 4000  [2017-05-20 00:01:17 276] - Dbmgr::writeEntity: Account(2).
   DEBUG      dbmgr-1 54001 4000  [2017-05-20 00:01:17 376] - Dbmgr::writeEntity: Account(2).
   DEBUG      dbmgr-1 54001 4000  [2017-05-20 00:01:17 476] - Dbmgr::writeEntity: Account(2).
   DEBUG      dbmgr-1 54001 4000  [2017-05-20 00:01:17 676] - Dbmgr::writeEntity: Account(2).
   DEBUG      dbmgr-1 54001 4000  [2017-05-20 00:01:17 876] - Dbmgr::writeEntity: Account(2).
   DEBUG      dbmgr-1 54001 4000  [2017-05-20 00:01:17 975] - Dbmgr::writeEntity: Account(2).
   DEBUG      dbmgr-1 54001 4000  [2017-05-20 00:01:18 176] - Dbmgr::writeEntity: Account(2).
   DEBUG      dbmgr-1 54001 4000  [2017-05-20 00:01:18 276] - Dbmgr::writeEntity: Account(2).
   DEBUG      dbmgr-1 54001 4000  [2017-05-20 00:01:18 476] - Dbmgr::writeEntity: Account(2).
   DEBUG      dbmgr-1 54001 4000  [2017-05-20 00:01:21 275] - Dbmgr::writeEntity: Account(2).
   DEBUG      dbmgr-1 54001 4000  [2017-05-20 00:01:21 376] - Dbmgr::writeEntity: Account(2).
   DEBUG      dbmgr-1 54001 4000  [2017-05-20 00:01:21 576] - Dbmgr::writeEntity: Account(2).
   DEBUG      dbmgr-1 54001 4000  [2017-05-20 00:01:22 475] - Dbmgr::writeEntity: Account(2).
   DEBUG      dbmgr-1 54001 4000  [2017-05-20 00:01:22 676] - Dbmgr::writeEntity: Account(2).
   DEBUG      dbmgr-1 54001 4000  [2017-05-20 00:01:22 776] - Dbmgr::writeEntity: Account(2).
   DEBUG      dbmgr-1 54001 4000  [2017-05-20 00:01:22 976] - Dbmgr::writeEntity: Account(2).
   DEBUG      dbmgr-1 54001 4000  [2017-05-20 00:01:23 076] - Dbmgr::writeEntity: Account(2).
   DEBUG      dbmgr-1 54001 4000  [2017-05-20 00:01:23 576] - Dbmgr::writeEntity: Account(2).
   DEBUG      dbmgr-1 54001 4000  [2017-05-20 00:01:23 876] - Dbmgr::writeEntity: Account(2).
   DEBUG      dbmgr-1 54001 4000  [2017-05-20 00:01:24 175] - Dbmgr::writeEntity: Account(2).
   DEBUG      dbmgr-1 54001 4000  [2017-05-20 00:01:24 376] - Dbmgr::writeEntity: Account(2).
   DEBUG      dbmgr-1 54001 4000  [2017-05-20 00:01:24 676] - Dbmgr::writeEntity: Account(2).
   DEBUG      dbmgr-1 54001 4000  [2017-05-20 00:01:24 776] - Dbmgr::writeEntity: Account(2).
   DEBUG      dbmgr-1 54001 4000  [2017-05-20 00:01:24 976] - Dbmgr::writeEntity: Account(2).
   DEBUG      dbmgr-1 54001 4000  [2017-05-20 00:01:25 176] - Dbmgr::writeEntity: Account(2).
   DEBUG      dbmgr-1 54001 4000  [2017-05-20 00:01:25 276] - Dbmgr::writeEntity: Account(2).
   DEBUG      dbmgr-1 54001 4000  [2017-05-20 00:01:25 976] - Dbmgr::writeEntity: Account(2).
   DEBUG      dbmgr-1 54001 4000  [2017-05-20 00:01:27 776] - Dbmgr::writeEntity: Account(2).
   DEBUG      dbmgr-1 54001 4000  [2017-05-20 00:01:30 975] - Dbmgr::writeEntity: Account(2).
   DEBUG      dbmgr-1 54001 4000  [2017-05-20 00:01:31 476] - Dbmgr::writeEntity: Account(2).
   DEBUG      dbmgr-1 54001 4000  [2017-05-20 00:01:31 675] - Dbmgr::writeEntity: Account(2).
   DEBUG      dbmgr-1 54001 4000  [2017-05-20 00:01:31 776] - Dbmgr::writeEntity: Account(2).
   DEBUG      dbmgr-1 54001 4000  [2017-05-20 00:01:32 576] - Dbmgr::writeEntity: Account(2).
   DEBUG      dbmgr-1 54001 4000  [2017-05-20 00:01:33 275] - Dbmgr::writeEntity: Account(2).
   DEBUG      dbmgr-1 54001 4000  [2017-05-20 00:01:33 976] - Dbmgr::writeEntity: Account(2).
   DEBUG      dbmgr-1 54001 4000  [2017-05-20 00:01:35 075] - Dbmgr::writeEntity: Account(2).
   DEBUG      dbmgr-1 54001 4000  [2017-05-20 00:01:35 275] - Dbmgr::writeEntity: Account(2).
   DEBUG      dbmgr-1 54001 4000  [2017-05-20 00:01:35 476] - Dbmgr::writeEntity: Account(2).
   DEBUG      dbmgr-1 54001 4000  [2017-05-20 00:01:42 876] - Dbmgr::writeEntity: Account(2).
   DEBUG      dbmgr-1 54001 4000  [2017-05-20 00:01:44 475] - Dbmgr::writeEntity: Account(2).
   DEBUG      dbmgr-1 54001 4000  [2017-05-20 00:01:44 675] - Dbmgr::writeEntity: Account(2).
   DEBUG      dbmgr-1 54001 4000  [2017-05-20 00:01:46 275] - Dbmgr::writeEntity: Account(2).
   DEBUG      dbmgr-1 54001 4000  [2017-05-20 00:01:47 675] - Dbmgr::writeEntity: Account(2).
   DEBUG      dbmgr-1 54001 4000  [2017-05-20 00:01:51 475] - Dbmgr::writeEntity: Account(2).
   DEBUG      dbmgr-1 54001 4000  [2017-05-20 00:01:53 575] - Dbmgr::writeEntity: Account(2).
   DEBUG      dbmgr-1 54001 4000  [2017-05-20 00:01:53 775] - Dbmgr::writeEntity: Account(2).
   DEBUG      dbmgr-1 54001 4000  [2017-05-20 00:01:54 075] - Dbmgr::writeEntity: Account(2).
   DEBUG      dbmgr-1 54001 4000  [2017-05-20 00:01:54 775] - Dbmgr::writeEntity: Account(2).
   DEBUG      dbmgr-1 54001 4000  [2017-05-20 00:01:55 275] - Dbmgr::writeEntity: Account(2).
   DEBUG      dbmgr-1 54001 4000  [2017-05-20 00:01:55 575] - Dbmgr::writeEntity: Account(2).
   DEBUG      dbmgr-1 54001 4000  [2017-05-20 00:01:56 575] - Dbmgr::writeEntity: Account(2).
   DEBUG      dbmgr-1 54001 4000  [2017-05-20 00:01:56 975] - Dbmgr::writeEntity: Account(2).
   DEBUG      dbmgr-1 54001 4000  [2017-05-20 00:01:57 275] - Dbmgr::writeEntity: Account(2).
   DEBUG      dbmgr-1 54001 4000  [2017-05-20 00:01:57 475] - Dbmgr::writeEntity: Account(2).
   DEBUG      dbmgr-1 54001 4000  [2017-05-20 00:01:57 675] - Dbmgr::writeEntity: Account(2).
   DEBUG      dbmgr-1 54001 4000  [2017-05-20 00:01:57 975] - Dbmgr::writeEntity: Account(2).
   DEBUG      dbmgr-1 54001 4000  [2017-05-20 00:01:59 075] - Dbmgr::writeEntity: Account(2).
   DEBUG      dbmgr-1 54001 4000  [2017-05-20 00:01:59 775] - Dbmgr::writeEntity: Account(2).
   DEBUG      dbmgr-1 54001 4000  [2017-05-20 00:02:00 475] - Dbmgr::writeEntity: Account(2).
   DEBUG      dbmgr-1 54001 4000  [2017-05-20 00:02:03 874] - Dbmgr::writeEntity: Account(2).
   DEBUG      dbmgr-1 54001 4000  [2017-05-20 00:02:06 575] - Dbmgr::writeEntity: Account(2).
   DEBUG      dbmgr-1 54001 4000  [2017-05-20 00:02:08 475] - Dbmgr::writeEntity: Account(2).
   DEBUG      dbmgr-1 54001 4000  [2017-05-20 00:02:09 475] - Dbmgr::writeEntity: Account(2).
   DEBUG      dbmgr-1 54001 4000  [2017-05-20 00:02:13 674] - Dbmgr::writeEntity: Account(2).
   DEBUG      dbmgr-1 54001 4000  [2017-05-20 00:02:13 975] - Dbmgr::writeEntity: Account(2).
   DEBUG      dbmgr-1 54001 4000  [2017-05-20 00:02:14 274] - Dbmgr::writeEntity: Account(2).
   DEBUG      dbmgr-1 54001 4000  [2017-05-20 00:02:14 975] - Dbmgr::writeEntity: Account(2).
   DEBUG      dbmgr-1 54001 4000  [2017-05-20 00:02:16 375] - Dbmgr::writeEntity: Account(2).
   DEBUG      dbmgr-1 54001 4000  [2017-05-20 00:02:18 974] - Dbmgr::writeEntity: Account(2).
   DEBUG      dbmgr-1 54001 4000  [2017-05-20 00:02:20 374] - Dbmgr::writeEntity: Account(2).
   DEBUG      dbmgr-1 54001 4000  [2017-05-20 00:17:37 151] - Dbmgr::writeEntity: Account(2).
   DEBUG      dbmgr-1 54001 4000  [2017-05-20 00:17:37 170] - Dbmgr::onEntityOffline: 2, entityType=1.
    INFO      dbmgr-1 54001 4000  [2017-05-20 00:17:37 147] - Buffered_DBTasks::onFiniTask: Playing buffered task for entityID=0, dbid=2, dbid_tasks_size=1, entityid_tasks_size=0.
   DEBUG      dbmgr-1 54001 4000  [2017-05-20 00:17:50 350] - Dbmgr::reqCreateAccount: 222.
   DEBUG      dbmgr-1 54001 4000  [2017-05-20 00:17:52 070] - Dbmgr::onAccountLogin:loginName=222, accountName=222, success=0, componentID=0, dbid=3, flags=0, deadline=0.
   DEBUG      dbmgr-1 54001 4000  [2017-05-20 00:17:52 550] - Dbmgr::queryAccount: 222, success=1, flags=0, deadline=0.
   DEBUG      dbmgr-1 54001 4000  [2017-05-20 00:18:02 350] - Dbmgr::writeEntity: Account(3).
   DEBUG      dbmgr-1 54001 4000  [2017-05-20 00:18:05 949] - Dbmgr::writeEntity: Account(3).
   DEBUG      dbmgr-1 54001 4000  [2017-05-20 00:18:06 750] - Dbmgr::writeEntity: Account(3).
   DEBUG      dbmgr-1 54001 4000  [2017-05-20 00:18:07 950] - Dbmgr::writeEntity: Account(3).
   DEBUG      dbmgr-1 54001 4000  [2017-05-20 00:18:08 550] - Dbmgr::writeEntity: Account(3).
   DEBUG      dbmgr-1 54001 4000  [2017-05-20 00:18:09 149] - Dbmgr::writeEntity: Account(3).
   DEBUG      dbmgr-1 54001 4000  [2017-05-20 00:18:09 749] - Dbmgr::writeEntity: Account(3).
   DEBUG      dbmgr-1 54001 4000  [2017-05-20 00:18:10 450] - Dbmgr::writeEntity: Account(3).
   DEBUG      dbmgr-1 54001 4000  [2017-05-20 00:18:11 050] - Dbmgr::writeEntity: Account(3).
   DEBUG      dbmgr-1 54001 4000  [2017-05-20 00:18:12 649] - Dbmgr::writeEntity: Account(3).
   DEBUG      dbmgr-1 54001 4000  [2017-05-20 00:18:16 049] - Dbmgr::writeEntity: Account(3).
   DEBUG      dbmgr-1 54001 4000  [2017-05-20 00:18:16 749] - Dbmgr::writeEntity: Account(3).
   DEBUG      dbmgr-1 54001 4000  [2017-05-20 00:18:17 249] - Dbmgr::writeEntity: Account(3).
   DEBUG      dbmgr-1 54001 4000  [2017-05-20 00:18:17 949] - Dbmgr::writeEntity: Account(3).
   DEBUG      dbmgr-1 54001 4000  [2017-05-20 00:18:19 449] - Dbmgr::writeEntity: Account(3).
   DEBUG      dbmgr-1 54001 4000  [2017-05-20 00:18:21 850] - Dbmgr::writeEntity: Account(3).
   DEBUG      dbmgr-1 54001 4000  [2017-05-20 00:18:23 149] - Dbmgr::writeEntity: Account(3).
   DEBUG      dbmgr-1 54001 4000  [2017-05-20 00:18:24 649] - Dbmgr::writeEntity: Account(3).
   DEBUG      dbmgr-1 54001 4000  [2017-05-20 00:18:26 449] - Dbmgr::writeEntity: Account(3).
   DEBUG      dbmgr-1 54001 4000  [2017-05-20 00:18:30 649] - Dbmgr::writeEntity: Account(3).
   DEBUG      dbmgr-1 54001 4000  [2017-05-20 00:18:32 649] - Dbmgr::writeEntity: Account(3).
   DEBUG      dbmgr-1 54001 4000  [2017-05-20 00:18:35 349] - Dbmgr::writeEntity: Account(3).
   DEBUG      dbmgr-1 54001 4000  [2017-05-20 00:18:36 349] - Dbmgr::writeEntity: Account(3).
   DEBUG      dbmgr-1 54001 4000  [2017-05-20 00:18:37 149] - Dbmgr::writeEntity: Account(3).
   DEBUG      dbmgr-1 54001 4000  [2017-05-20 00:18:37 849] - Dbmgr::writeEntity: Account(3).
   DEBUG      dbmgr-1 54001 4000  [2017-05-20 00:18:38 749] - Dbmgr::writeEntity: Account(3).
   DEBUG      dbmgr-1 54001 4000  [2017-05-20 00:18:40 649] - Dbmgr::writeEntity: Account(3).
   DEBUG      dbmgr-1 54001 4000  [2017-05-20 00:18:42 249] - Dbmgr::writeEntity: Account(3).
   DEBUG      dbmgr-1 54001 4000  [2017-05-20 00:18:43 549] - Dbmgr::writeEntity: Account(3).
   DEBUG      dbmgr-1 54001 4000  [2017-05-20 00:18:45 649] - Dbmgr::writeEntity: Account(3).
   DEBUG      dbmgr-1 54001 4000  [2017-05-20 00:18:46 049] - Dbmgr::writeEntity: Account(3).
   DEBUG      dbmgr-1 54001 4000  [2017-05-20 00:18:46 949] - Dbmgr::writeEntity: Account(3).
   DEBUG      dbmgr-1 54001 4000  [2017-05-20 00:18:49 449] - Dbmgr::writeEntity: Account(3).
   DEBUG      dbmgr-1 54001 4000  [2017-05-20 00:18:50 449] - Dbmgr::writeEntity: Account(3).
   DEBUG      dbmgr-1 54001 4000  [2017-05-20 00:18:51 848] - Dbmgr::writeEntity: Account(3).
   DEBUG      dbmgr-1 54001 4000  [2017-05-20 00:18:52 048] - Dbmgr::writeEntity: Account(3).
   DEBUG      dbmgr-1 54001 4000  [2017-05-20 00:18:52 148] - Dbmgr::writeEntity: Account(3).
   DEBUG      dbmgr-1 54001 4000  [2017-05-20 00:18:52 348] - Dbmgr::writeEntity: Account(3).
   DEBUG      dbmgr-1 54001 4000  [2017-05-20 00:18:52 449] - Dbmgr::writeEntity: Account(3).
   DEBUG      dbmgr-1 54001 4000  [2017-05-20 00:18:52 549] - Dbmgr::writeEntity: Account(3).
   DEBUG      dbmgr-1 54001 4000  [2017-05-20 00:18:52 649] - Dbmgr::writeEntity: Account(3).
   DEBUG      dbmgr-1 54001 4000  [2017-05-20 00:18:53 548] - Dbmgr::writeEntity: Account(3).
   DEBUG      dbmgr-1 54001 4000  [2017-05-20 00:18:53 748] - Dbmgr::writeEntity: Account(3).
   DEBUG      dbmgr-1 54001 4000  [2017-05-20 00:18:53 949] - Dbmgr::writeEntity: Account(3).
   DEBUG      dbmgr-1 54001 4000  [2017-05-20 00:18:54 048] - Dbmgr::writeEntity: Account(3).
   DEBUG      dbmgr-1 54001 4000  [2017-05-20 00:18:54 148] - Dbmgr::writeEntity: Account(3).
   DEBUG      dbmgr-1 54001 4000  [2017-05-20 00:18:54 349] - Dbmgr::writeEntity: Account(3).
   DEBUG      dbmgr-1 54001 4000  [2017-05-20 00:18:54 448] - Dbmgr::writeEntity: Account(3).
   DEBUG      dbmgr-1 54001 4000  [2017-05-20 00:18:55 848] - Dbmgr::writeEntity: Account(3).
   DEBUG      dbmgr-1 54001 4000  [2017-05-20 00:18:57 248] - Dbmgr::writeEntity: Account(3).
   DEBUG      dbmgr-1 54001 4000  [2017-05-20 00:18:57 348] - Dbmgr::writeEntity: Account(3).
   DEBUG      dbmgr-1 54001 4000  [2017-05-20 00:18:57 548] - Dbmgr::writeEntity: Account(3).
   DEBUG      dbmgr-1 54001 4000  [2017-05-20 00:18:57 848] - Dbmgr::writeEntity: Account(3).
   DEBUG      dbmgr-1 54001 4000  [2017-05-20 00:18:58 049] - Dbmgr::writeEntity: Account(3).
   DEBUG      dbmgr-1 54001 4000  [2017-05-20 00:18:58 748] - Dbmgr::writeEntity: Account(3).
   DEBUG      dbmgr-1 54001 4000  [2017-05-20 00:18:58 948] - Dbmgr::writeEntity: Account(3).
   DEBUG      dbmgr-1 54001 4000  [2017-05-20 00:18:59 048] - Dbmgr::writeEntity: Account(3).
   DEBUG      dbmgr-1 54001 4000  [2017-05-20 00:18:59 148] - Dbmgr::writeEntity: Account(3).
   DEBUG      dbmgr-1 54001 4000  [2017-05-20 00:18:59 249] - Dbmgr::writeEntity: Account(3).
   DEBUG      dbmgr-1 54001 4000  [2017-05-20 00:18:59 348] - Dbmgr::writeEntity: Account(3).
   DEBUG      dbmgr-1 54001 4000  [2017-05-20 00:19:00 048] - Dbmgr::writeEntity: Account(3).
   DEBUG      dbmgr-1 54001 4000  [2017-05-20 00:19:00 248] - Dbmgr::writeEntity: Account(3).
   DEBUG      dbmgr-1 54001 4000  [2017-05-20 00:19:00 348] - Dbmgr::writeEntity: Account(3).
   DEBUG      dbmgr-1 54001 4000  [2017-05-20 00:19:08 748] - Dbmgr::writeEntity: Account(3).
   DEBUG      dbmgr-1 54001 4000  [2017-05-20 00:19:12 248] - Dbmgr::writeEntity: Account(3).
   DEBUG      dbmgr-1 54001 4000  [2017-05-20 00:19:16 448] - Dbmgr::writeEntity: Account(3).
